Wed, 24 Jan 2024 14:40:54 GMT

Method: POST
Route: /api/auth/login
Body: {"email":"admin@admin.com","password":"Admin1234"}
----------------------------------------------------------------------------------------------------
Wed, 24 Jan 2024 14:40:54 GMT

Method: GET
Route: /api/user/image/ab9c1c3d-b36e-4b54-857a-642dc9b71dc0.png
Body: {}
----------------------------------------------------------------------------------------------------
Wed, 24 Jan 2024 14:40:54 GMT

Method: GET
Route: /api/vacations/image/4c16da08-6915-4dd0-b88d-51ad9bc805db.jpg
Body: {}
----------------------------------------------------------------------------------------------------
Wed, 24 Jan 2024 14:40:54 GMT

Method: GET
Route: /api/vacations/image/new_york.jpg
Body: {}
----------------------------------------------------------------------------------------------------
Wed, 24 Jan 2024 14:40:54 GMT

Method: GET
Route: /api/vacations/image/tokyo.jpg
Body: {}
----------------------------------------------------------------------------------------------------
Wed, 24 Jan 2024 14:40:54 GMT

Method: GET
Route: /api/vacations/image/rome.jpg
Body: {}
----------------------------------------------------------------------------------------------------
Wed, 24 Jan 2024 14:40:54 GMT

Method: GET
Route: /api/vacations/image/cairo.jpg
Body: {}
----------------------------------------------------------------------------------------------------
Wed, 24 Jan 2024 14:40:54 GMT

Method: GET
Route: /api/vacations/image/rio.jpg
Body: {}
----------------------------------------------------------------------------------------------------
Wed, 24 Jan 2024 14:40:54 GMT

Method: GET
Route: /api/vacations/image/barcelona.jpg
Body: {}
----------------------------------------------------------------------------------------------------
Wed, 24 Jan 2024 14:40:54 GMT

Method: GET
Route: /api/vacations/image/auckland.jpg
Body: {}
----------------------------------------------------------------------------------------------------
Wed, 24 Jan 2024 14:40:54 GMT

Method: GET
Route: /api/vacations/image/bangkok.jpg
Body: {}
----------------------------------------------------------------------------------------------------
Wed, 24 Jan 2024 15:11:17 GMT

Method: GET
Route: /api/password-recovery/volobuyev.stock@gmail.com
Body: {}
----------------------------------------------------------------------------------------------------
Wed, 24 Jan 2024 15:11:35 GMT

Method: GET
Route: /api/password-recovery/volobuyev.stock@gmail.com
Body: {}
----------------------------------------------------------------------------------------------------
Wed, 24 Jan 2024 15:13:53 GMT

Method: GET
Route: /api/password-recovery/volobuyev.stock@gmail.com
Body: {}
----------------------------------------------------------------------------------------------------
Wed, 24 Jan 2024 15:14:49 GMT

Method: GET
Route: /api/password-recovery/volobuyev.stock@gmail.com
Body: {}
----------------------------------------------------------------------------------------------------
Wed, 24 Jan 2024 15:15:48 GMT

Method: GET
Route: /api/password-recovery/volobuyev.stock@gmail.com
Body: {}
----------------------------------------------------------------------------------------------------
Thu, 25 Jan 2024 08:03:13 GMT

Method: GET
Route: /api/password-recovery/volobuyev.stock@gmail.com
Body: {}
----------------------------------------------------------------------------------------------------
Thu, 25 Jan 2024 08:24:15 GMT

Method: GET
Route: /api/password-recovery/volobuyev.stock@gmail.com
Body: {}
----------------------------------------------------------------------------------------------------
Thu, 25 Jan 2024 08:24:33 GMT

Method: GET
Route: /api/verify-code/null
Body: {}
----------------------------------------------------------------------------------------------------
Thu, 25 Jan 2024 08:26:26 GMT

Method: GET
Route: /api/password-recovery/volobuyev.stock@gmail.com
Body: {}
----------------------------------------------------------------------------------------------------
Thu, 25 Jan 2024 08:26:37 GMT

Method: GET
Route: /api/verify-code/undefined
Body: {}
----------------------------------------------------------------------------------------------------
Thu, 25 Jan 2024 08:28:00 GMT

Method: GET
Route: /api/password-recovery/volobuyev.stock@gmail.com
Body: {}
----------------------------------------------------------------------------------------------------
Thu, 25 Jan 2024 08:28:17 GMT

Method: GET
Route: /api/verify-code/0
Body: {}
----------------------------------------------------------------------------------------------------
Thu, 25 Jan 2024 08:35:24 GMT

Method: GET
Route: /api/password-recovery/volobuyev.stock@gmail.com
Body: {}
----------------------------------------------------------------------------------------------------
Thu, 25 Jan 2024 08:36:25 GMT

Method: GET
Route: /api/password-recovery/volobuyev.stock@gmail.com
Body: {}
----------------------------------------------------------------------------------------------------
Thu, 25 Jan 2024 08:37:05 GMT

Method: GET
Route: /api/password-recovery/volobuyev.stock@gmail.com
Body: {}
----------------------------------------------------------------------------------------------------
Thu, 25 Jan 2024 08:37:18 GMT

Method: GET
Route: /api/verify-code/475064
Body: {}
----------------------------------------------------------------------------------------------------
Thu, 25 Jan 2024 08:39:40 GMT

Method: GET
Route: /api/password-recovery/volobuyev.stock@gmail.com
Body: {}
----------------------------------------------------------------------------------------------------
Thu, 25 Jan 2024 08:40:59 GMT

Method: GET
Route: /api/verify-code/369512
Body: {}
----------------------------------------------------------------------------------------------------
Thu, 25 Jan 2024 08:42:16 GMT

Method: GET
Route: /api/password-recovery/volobuyev.stock@gmail.com
Body: {}
----------------------------------------------------------------------------------------------------
Thu, 25 Jan 2024 08:42:26 GMT

Method: GET
Route: /api/verify-code/786314
Body: {}
----------------------------------------------------------------------------------------------------
Thu, 25 Jan 2024 08:43:28 GMT

Method: GET
Route: /api/password-recovery/volobuyev.stock@gmail.com
Body: {}
----------------------------------------------------------------------------------------------------
Thu, 25 Jan 2024 08:43:39 GMT

Method: GET
Route: /api/verify-code/321641
Body: {}
----------------------------------------------------------------------------------------------------
Thu, 25 Jan 2024 08:44:13 GMT

Method: GET
Route: /api/password-recovery/volobuyev.stock@gmail.com
Body: {}
----------------------------------------------------------------------------------------------------
Thu, 25 Jan 2024 08:44:24 GMT

Method: GET
Route: /api/verify-code/469032
Body: {}
----------------------------------------------------------------------------------------------------
Thu, 25 Jan 2024 08:45:42 GMT

Method: GET
Route: /api/password-recovery/volobuyev.stock@gmail.com
Body: {}
----------------------------------------------------------------------------------------------------
Thu, 25 Jan 2024 08:45:52 GMT

Method: GET
Route: /api/verify-code/332943
Body: {}
----------------------------------------------------------------------------------------------------
Thu, 25 Jan 2024 08:47:26 GMT

Method: GET
Route: /api/password-recovery/volobuyev.stock@gmail.com
Body: {}
----------------------------------------------------------------------------------------------------
Thu, 25 Jan 2024 08:47:36 GMT

Method: GET
Route: /api/verify-code/808655
Body: {}
----------------------------------------------------------------------------------------------------
Thu, 25 Jan 2024 08:54:41 GMT

Method: GET
Route: /api/password-recovery/volobuyev.stock@gmail.com
Body: {}
----------------------------------------------------------------------------------------------------
Thu, 25 Jan 2024 08:55:11 GMT

Method: GET
Route: /api/verify-code/916565
Body: {}
----------------------------------------------------------------------------------------------------
Thu, 25 Jan 2024 08:55:56 GMT

Method: GET
Route: /api/password-recovery/volobuyev.stock@gmail.com
Body: {}
----------------------------------------------------------------------------------------------------
Thu, 25 Jan 2024 08:56:07 GMT

Method: GET
Route: /api/verify-code/852158
Body: {}
----------------------------------------------------------------------------------------------------
Thu, 25 Jan 2024 09:00:02 GMT

Method: GET
Route: /api/password-recovery/volobuyev.stock@gmail.com
Body: {}
----------------------------------------------------------------------------------------------------
Thu, 25 Jan 2024 09:00:12 GMT

Method: GET
Route: /api/verify-code/623574
Body: {}
----------------------------------------------------------------------------------------------------
Thu, 25 Jan 2024 09:02:05 GMT

Method: GET
Route: /api/password-recovery/volobuyev.stock@gmail.com
Body: {}
----------------------------------------------------------------------------------------------------
Thu, 25 Jan 2024 09:02:16 GMT

Method: GET
Route: /api/verify-code/533085
Body: {}
----------------------------------------------------------------------------------------------------
Thu, 25 Jan 2024 09:02:50 GMT

Method: GET
Route: /api/password-recovery/volobuyev.stock@gmail.com
Body: {}
----------------------------------------------------------------------------------------------------
Thu, 25 Jan 2024 09:03:38 GMT

Method: GET
Route: /api/password-recovery/volobuyev.stock@gmail.com
Body: {}
----------------------------------------------------------------------------------------------------
Thu, 25 Jan 2024 09:04:43 GMT

Method: GET
Route: /api/password-recovery/volobuyev.stock@gmail.com
Body: {}
----------------------------------------------------------------------------------------------------
Thu, 25 Jan 2024 09:05:34 GMT

Method: GET
Route: /api/password-recovery/volobuyev.stock@gmail.com
Body: {}
----------------------------------------------------------------------------------------------------
Thu, 25 Jan 2024 09:06:18 GMT

Method: GET
Route: /api/password-recovery/volobuyev.stock@gmail.com
Body: {}
----------------------------------------------------------------------------------------------------
Thu, 25 Jan 2024 09:06:31 GMT

Method: GET
Route: /api/verify-code/629579
Body: {}
----------------------------------------------------------------------------------------------------
Thu, 25 Jan 2024 09:06:51 GMT

Method: GET
Route: /api/password-recovery/volobuyev.stock@gmail.com
Body: {}
----------------------------------------------------------------------------------------------------
Thu, 25 Jan 2024 09:07:02 GMT

Method: GET
Route: /api/verify-code/962363
Body: {}
----------------------------------------------------------------------------------------------------
Thu, 25 Jan 2024 09:13:58 GMT

Method: GET
Route: /api/password-recovery/volobuyev.stock@gmail.com
Body: {}
----------------------------------------------------------------------------------------------------
Thu, 25 Jan 2024 09:42:35 GMT

Method: GET
Route: /api/password-recovery/volobuyev.stock@gmail.com
Body: {}
----------------------------------------------------------------------------------------------------
Thu, 25 Jan 2024 09:42:55 GMT

Method: GET
Route: /api/verify-code/444445
Body: {}
----------------------------------------------------------------------------------------------------
Thu, 25 Jan 2024 10:15:48 GMT

Method: GET
Route: /api/password-recovery/volobuyev.stock@gmail.com
Body: {}
----------------------------------------------------------------------------------------------------
Thu, 25 Jan 2024 10:16:08 GMT

Method: GET
Route: /api/verify-code/138423
Body: {}
----------------------------------------------------------------------------------------------------
Thu, 25 Jan 2024 10:16:26 GMT

Method: POST
Route: /api/update-password/
Body: {"password":"1234","verifyPassword":"1234"}
----------------------------------------------------------------------------------------------------
Thu, 25 Jan 2024 10:23:43 GMT

Method: GET
Route: /api/password-recovery/volobuyev.stock@gmail.com
Body: {}
----------------------------------------------------------------------------------------------------
Thu, 25 Jan 2024 10:23:54 GMT

Method: GET
Route: /api/verify-code/423090
Body: {}
----------------------------------------------------------------------------------------------------
Thu, 25 Jan 2024 10:24:07 GMT

Method: POST
Route: /api/update-password/
Body: {"password":"1234","verifyPassword":"1234","email":"volobuyev.stock@gmail.com"}
----------------------------------------------------------------------------------------------------
Thu, 25 Jan 2024 10:29:16 GMT

Method: GET
Route: /api/password-recovery/volobuyev.stock@gmail.com
Body: {}
----------------------------------------------------------------------------------------------------
Thu, 25 Jan 2024 10:29:26 GMT

Method: GET
Route: /api/verify-code/790088
Body: {}
----------------------------------------------------------------------------------------------------
Thu, 25 Jan 2024 10:29:33 GMT

Method: POST
Route: /api/update-password/
Body: {"password":"1234","verifyPassword":"1234","email":"volobuyev.stock@gmail.com"}
----------------------------------------------------------------------------------------------------
Thu, 25 Jan 2024 10:29:54 GMT

Method: GET
Route: /api/password-recovery/volobuyev.stock@gmail.com
Body: {}
----------------------------------------------------------------------------------------------------
Thu, 25 Jan 2024 10:30:04 GMT

Method: GET
Route: /api/verify-code/764349
Body: {}
----------------------------------------------------------------------------------------------------
Thu, 25 Jan 2024 10:30:10 GMT

Method: POST
Route: /api/update-password/
Body: {"password":"1234","verifyPassword":"1234","email":"volobuyev.stock@gmail.com"}
----------------------------------------------------------------------------------------------------
Thu, 25 Jan 2024 10:45:48 GMT

Method: POST
Route: /api/update-password/
Body: {"password":"","verifyPassword":"","email":"ée"}
----------------------------------------------------------------------------------------------------
Thu, 25 Jan 2024 10:56:58 GMT

Method: POST
Route: /api/update-password/
Body: {"password":"123","verifyPassword":"123","email":"ée"}
----------------------------------------------------------------------------------------------------
Thu, 25 Jan 2024 10:57:57 GMT

Method: POST
Route: /api/auth/login
Body: {"email":"admin@admin.com","password":"Admin1234"}
----------------------------------------------------------------------------------------------------
Thu, 25 Jan 2024 10:57:58 GMT

Method: GET
Route: /api/user/image/ab9c1c3d-b36e-4b54-857a-642dc9b71dc0.png
Body: {}
----------------------------------------------------------------------------------------------------
Thu, 25 Jan 2024 10:57:58 GMT

Method: GET
Route: /api/vacations/subscriptions/36
Body: {}
----------------------------------------------------------------------------------------------------
Thu, 25 Jan 2024 10:57:58 GMT

Method: GET
Route: /api/vacations/image/4c16da08-6915-4dd0-b88d-51ad9bc805db.jpg
Body: {}
----------------------------------------------------------------------------------------------------
Thu, 25 Jan 2024 10:57:58 GMT

Method: GET
Route: /api/vacations/image/new_york.jpg
Body: {}
----------------------------------------------------------------------------------------------------
Thu, 25 Jan 2024 10:57:58 GMT

Method: GET
Route: /api/vacations/image/tokyo.jpg
Body: {}
----------------------------------------------------------------------------------------------------
Thu, 25 Jan 2024 10:57:58 GMT

Method: GET
Route: /api/vacations/image/rome.jpg
Body: {}
----------------------------------------------------------------------------------------------------
Thu, 25 Jan 2024 10:57:58 GMT

Method: GET
Route: /api/vacations/image/cairo.jpg
Body: {}
----------------------------------------------------------------------------------------------------
Thu, 25 Jan 2024 10:57:58 GMT

Method: GET
Route: /api/vacations/image/rio.jpg
Body: {}
----------------------------------------------------------------------------------------------------
Thu, 25 Jan 2024 10:57:58 GMT

Method: GET
Route: /api/vacations/image/barcelona.jpg
Body: {}
----------------------------------------------------------------------------------------------------
Thu, 25 Jan 2024 10:57:58 GMT

Method: GET
Route: /api/vacations/image/auckland.jpg
Body: {}
----------------------------------------------------------------------------------------------------
Thu, 25 Jan 2024 10:57:58 GMT

Method: GET
Route: /api/vacations/image/bangkok.jpg
Body: {}
----------------------------------------------------------------------------------------------------
Thu, 25 Jan 2024 10:58:12 GMT

Method: GET
Route: /api/password-recovery/volobuyev.stock@gmail.com
Body: {}
----------------------------------------------------------------------------------------------------
Thu, 25 Jan 2024 10:58:23 GMT

Method: GET
Route: /api/verify-code/270904
Body: {}
----------------------------------------------------------------------------------------------------
Thu, 25 Jan 2024 10:58:38 GMT

Method: POST
Route: /api/update-password/
Body: {"password":"Admin12345","verifyPassword":"Admin12345","email":"volobuyev.stock@gmail.com"}
----------------------------------------------------------------------------------------------------
Thu, 25 Jan 2024 11:01:06 GMT

Method: GET
Route: /api/password-recovery/volobuyev.stock@gmail.com
Body: {}
----------------------------------------------------------------------------------------------------
Thu, 25 Jan 2024 11:01:17 GMT

Method: GET
Route: /api/verify-code/909200
Body: {}
----------------------------------------------------------------------------------------------------
Thu, 25 Jan 2024 11:01:29 GMT

Method: POST
Route: /api/update-password/
Body: {"password":"Admin12345","verifyPassword":"Admin12345","email":"volobuyev.stock@gmail.com"}
----------------------------------------------------------------------------------------------------
Thu, 25 Jan 2024 11:03:32 GMT

Method: GET
Route: /api/password-recovery/volobuyev.stock@gmail.com
Body: {}
----------------------------------------------------------------------------------------------------
Thu, 25 Jan 2024 11:03:45 GMT

Method: GET
Route: /api/verify-code/667694
Body: {}
----------------------------------------------------------------------------------------------------
Thu, 25 Jan 2024 11:03:53 GMT

Method: POST
Route: /api/update-password/
Body: {"password":"Admin123","verifyPassword":"Admin123","email":"volobuyev.stock@gmail.com"}
----------------------------------------------------------------------------------------------------
Thu, 25 Jan 2024 11:04:03 GMT

Method: POST
Route: /api/auth/login
Body: {"email":"admin@admin.com","password":"Admin123"}
----------------------------------------------------------------------------------------------------
Thu, 25 Jan 2024 11:04:06 GMT

Method: POST
Route: /api/auth/login
Body: {"email":"admin@admin.com","password":"Admin1234"}
----------------------------------------------------------------------------------------------------
Thu, 25 Jan 2024 11:04:06 GMT

Method: GET
Route: /api/user/image/ab9c1c3d-b36e-4b54-857a-642dc9b71dc0.png
Body: {}
----------------------------------------------------------------------------------------------------
Thu, 25 Jan 2024 11:04:06 GMT

Method: GET
Route: /api/vacations/image/4c16da08-6915-4dd0-b88d-51ad9bc805db.jpg
Body: {}
----------------------------------------------------------------------------------------------------
Thu, 25 Jan 2024 11:04:06 GMT

Method: GET
Route: /api/vacations/image/new_york.jpg
Body: {}
----------------------------------------------------------------------------------------------------
Thu, 25 Jan 2024 11:04:06 GMT

Method: GET
Route: /api/vacations/image/tokyo.jpg
Body: {}
----------------------------------------------------------------------------------------------------
Thu, 25 Jan 2024 11:04:06 GMT

Method: GET
Route: /api/vacations/image/barcelona.jpg
Body: {}
----------------------------------------------------------------------------------------------------
Thu, 25 Jan 2024 11:04:06 GMT

Method: GET
Route: /api/vacations/image/rome.jpg
Body: {}
----------------------------------------------------------------------------------------------------
Thu, 25 Jan 2024 11:04:06 GMT

Method: GET
Route: /api/vacations/image/cairo.jpg
Body: {}
----------------------------------------------------------------------------------------------------
Thu, 25 Jan 2024 11:04:06 GMT

Method: GET
Route: /api/vacations/image/rio.jpg
Body: {}
----------------------------------------------------------------------------------------------------
Thu, 25 Jan 2024 11:04:06 GMT

Method: GET
Route: /api/vacations/image/auckland.jpg
Body: {}
----------------------------------------------------------------------------------------------------
Thu, 25 Jan 2024 11:04:06 GMT

Method: GET
Route: /api/vacations/image/bangkok.jpg
Body: {}
----------------------------------------------------------------------------------------------------
Thu, 25 Jan 2024 11:04:27 GMT

Method: POST
Route: /api/auth/login
Body: {"email":"admin@admin.com","password":"Admin123"}
----------------------------------------------------------------------------------------------------
Thu, 25 Jan 2024 11:05:08 GMT

Method: POST
Route: /api/auth/login
Body: {"email":"volobuyev.stock@gmail.com","password":"Admin123"}
----------------------------------------------------------------------------------------------------
Thu, 25 Jan 2024 11:05:08 GMT

Method: GET
Route: /api/vacations/image/4c16da08-6915-4dd0-b88d-51ad9bc805db.jpg
Body: {}
----------------------------------------------------------------------------------------------------
Thu, 25 Jan 2024 11:05:08 GMT

Method: GET
Route: /api/vacations/image/new_york.jpg
Body: {}
----------------------------------------------------------------------------------------------------
Thu, 25 Jan 2024 11:05:08 GMT

Method: GET
Route: /api/vacations/image/tokyo.jpg
Body: {}
----------------------------------------------------------------------------------------------------
Thu, 25 Jan 2024 11:05:08 GMT

Method: GET
Route: /api/vacations/image/rome.jpg
Body: {}
----------------------------------------------------------------------------------------------------
Thu, 25 Jan 2024 11:05:08 GMT

Method: GET
Route: /api/vacations/image/cairo.jpg
Body: {}
----------------------------------------------------------------------------------------------------
Thu, 25 Jan 2024 11:05:08 GMT

Method: GET
Route: /api/vacations/image/rio.jpg
Body: {}
----------------------------------------------------------------------------------------------------
Thu, 25 Jan 2024 11:05:08 GMT

Method: GET
Route: /api/vacations/image/barcelona.jpg
Body: {}
----------------------------------------------------------------------------------------------------
Thu, 25 Jan 2024 11:05:08 GMT

Method: GET
Route: /api/vacations/image/auckland.jpg
Body: {}
----------------------------------------------------------------------------------------------------
Thu, 25 Jan 2024 11:05:08 GMT

Method: GET
Route: /api/vacations/image/bangkok.jpg
Body: {}
----------------------------------------------------------------------------------------------------
Thu, 25 Jan 2024 11:06:28 GMT

Method: GET
Route: /api/password-recovery/volobuyev.stock@gmail.com
Body: {}
----------------------------------------------------------------------------------------------------
Thu, 25 Jan 2024 11:06:42 GMT

Method: GET
Route: /api/verify-code/1234
Body: {}
----------------------------------------------------------------------------------------------------
Thu, 25 Jan 2024 11:11:50 GMT

Method: GET
Route: /api/password-recovery/volobuyev.stock@gmail.com
Body: {}
----------------------------------------------------------------------------------------------------
Thu, 25 Jan 2024 11:12:00 GMT

Method: GET
Route: /api/verify-code/768047
Body: {}
----------------------------------------------------------------------------------------------------
Thu, 25 Jan 2024 11:12:27 GMT

Method: GET
Route: /api/password-recovery/volobuyev.stock@gmail.com
Body: {}
----------------------------------------------------------------------------------------------------
Thu, 25 Jan 2024 11:12:41 GMT

Method: GET
Route: /api/verify-code/261244
Body: {}
----------------------------------------------------------------------------------------------------
Thu, 25 Jan 2024 11:12:51 GMT

Method: POST
Route: /api/update-password/
Body: {"password":"Admin1234","verifyPassword":"Admin1234","email":"volobuyev.stock@gmail.com"}
----------------------------------------------------------------------------------------------------
Thu, 25 Jan 2024 11:24:52 GMT

Method: GET
Route: /api/password-recovery/volobuyev.stock@gmail.com
Body: {}
----------------------------------------------------------------------------------------------------
Thu, 25 Jan 2024 11:25:05 GMT

Method: GET
Route: /api/verify-code/436894
Body: {}
----------------------------------------------------------------------------------------------------
Thu, 25 Jan 2024 11:25:29 GMT

Method: POST
Route: /api/update-password/
Body: {"password":"aDMIN123","verifyPassword":"aDMIN123","email":"volobuyev.stock@gmail.com"}
----------------------------------------------------------------------------------------------------
Thu, 25 Jan 2024 11:29:01 GMT

Method: GET
Route: /api/password-recovery/volobuyev.stock@gmail.com
Body: {}
----------------------------------------------------------------------------------------------------
Thu, 25 Jan 2024 11:29:13 GMT

Method: GET
Route: /api/verify-code/787342
Body: {}
----------------------------------------------------------------------------------------------------
Thu, 25 Jan 2024 11:30:04 GMT

Method: POST
Route: /api/update-password/
Body: {"password":"1234","verifyPassword":"1234","email":"volobuyev.stock@gmail.com"}
----------------------------------------------------------------------------------------------------
Thu, 25 Jan 2024 11:32:46 GMT

Method: POST
Route: /api/update-password/
Body: {"password":"1234","verifyPassword":"1234","email":"volobuyev.stock@gmail.com"}
----------------------------------------------------------------------------------------------------
Thu, 25 Jan 2024 11:35:41 GMT

Method: POST
Route: /api/auth/login
Body: {"email":"volobuyev.stock@gmail.com","password":"Admin123"}
----------------------------------------------------------------------------------------------------
Thu, 25 Jan 2024 11:35:41 GMT

Method: GET
Route: /api/vacations/subscriptions/41
Body: {}
----------------------------------------------------------------------------------------------------
Thu, 25 Jan 2024 11:35:41 GMT

Method: GET
Route: /api/vacations/image/4c16da08-6915-4dd0-b88d-51ad9bc805db.jpg
Body: {}
----------------------------------------------------------------------------------------------------
Thu, 25 Jan 2024 11:35:41 GMT

Method: GET
Route: /api/vacations/image/new_york.jpg
Body: {}
----------------------------------------------------------------------------------------------------
Thu, 25 Jan 2024 11:35:41 GMT

Method: GET
Route: /api/vacations/image/tokyo.jpg
Body: {}
----------------------------------------------------------------------------------------------------
Thu, 25 Jan 2024 11:35:41 GMT

Method: GET
Route: /api/vacations/image/rome.jpg
Body: {}
----------------------------------------------------------------------------------------------------
Thu, 25 Jan 2024 11:35:41 GMT

Method: GET
Route: /api/vacations/image/cairo.jpg
Body: {}
----------------------------------------------------------------------------------------------------
Thu, 25 Jan 2024 11:35:41 GMT

Method: GET
Route: /api/vacations/image/rio.jpg
Body: {}
----------------------------------------------------------------------------------------------------
Thu, 25 Jan 2024 11:35:41 GMT

Method: GET
Route: /api/vacations/image/barcelona.jpg
Body: {}
----------------------------------------------------------------------------------------------------
Thu, 25 Jan 2024 11:35:41 GMT

Method: GET
Route: /api/vacations/image/auckland.jpg
Body: {}
----------------------------------------------------------------------------------------------------
Thu, 25 Jan 2024 11:35:41 GMT

Method: GET
Route: /api/vacations/image/bangkok.jpg
Body: {}
----------------------------------------------------------------------------------------------------
Thu, 25 Jan 2024 11:35:49 GMT

Method: GET
Route: /api/password-recovery/volobuyev.stock@gmail.com
Body: {}
----------------------------------------------------------------------------------------------------
Thu, 25 Jan 2024 11:36:08 GMT

Method: GET
Route: /api/verify-code/123
Body: {}
----------------------------------------------------------------------------------------------------
Thu, 25 Jan 2024 11:36:57 GMT

Method: GET
Route: /api/password-recovery/asd@gmail.com
Body: {}
----------------------------------------------------------------------------------------------------
Thu, 25 Jan 2024 11:37:02 GMT

Method: GET
Route: /api/password-recovery/asd@gmail.com
Body: {}
----------------------------------------------------------------------------------------------------
Thu, 25 Jan 2024 11:37:52 GMT

Method: GET
Route: /api/password-recovery/volobuyev.stock@gmail.com
Body: {}
----------------------------------------------------------------------------------------------------
Thu, 25 Jan 2024 11:38:28 GMT

Method: GET
Route: /api/verify-code/332447
Body: {}
----------------------------------------------------------------------------------------------------
Thu, 25 Jan 2024 11:38:40 GMT

Method: GET
Route: /api/password-recovery/volobuyev.stock@gmail.com
Body: {}
----------------------------------------------------------------------------------------------------
Thu, 25 Jan 2024 11:38:50 GMT

Method: GET
Route: /api/verify-code/123123
Body: {}
----------------------------------------------------------------------------------------------------
Thu, 25 Jan 2024 11:42:52 GMT

Method: GET
Route: /api/password-recovery/volobuyev.stock@gmail.com
Body: {}
----------------------------------------------------------------------------------------------------
Thu, 25 Jan 2024 11:43:58 GMT

Method: GET
Route: /api/verify-code/240122
Body: {}
----------------------------------------------------------------------------------------------------
Thu, 25 Jan 2024 11:52:13 GMT

Method: POST
Route: /api/auth/login
Body: {"email":"volobuyev.stock@gmail.com","password":"Admin1234"}
----------------------------------------------------------------------------------------------------
Thu, 25 Jan 2024 11:52:17 GMT

Method: POST
Route: /api/auth/login
Body: {"email":"volobuyev.stock@gmail.com","password":"Admin123"}
----------------------------------------------------------------------------------------------------
Thu, 25 Jan 2024 11:52:17 GMT

Method: GET
Route: /api/vacations/image/4c16da08-6915-4dd0-b88d-51ad9bc805db.jpg
Body: {}
----------------------------------------------------------------------------------------------------
Thu, 25 Jan 2024 11:52:17 GMT

Method: GET
Route: /api/vacations/image/new_york.jpg
Body: {}
----------------------------------------------------------------------------------------------------
Thu, 25 Jan 2024 11:52:17 GMT

Method: GET
Route: /api/vacations/image/tokyo.jpg
Body: {}
----------------------------------------------------------------------------------------------------
Thu, 25 Jan 2024 11:52:17 GMT

Method: GET
Route: /api/vacations/image/rome.jpg
Body: {}
----------------------------------------------------------------------------------------------------
Thu, 25 Jan 2024 11:52:17 GMT

Method: GET
Route: /api/vacations/image/cairo.jpg
Body: {}
----------------------------------------------------------------------------------------------------
Thu, 25 Jan 2024 11:52:17 GMT

Method: GET
Route: /api/vacations/image/rio.jpg
Body: {}
----------------------------------------------------------------------------------------------------
Thu, 25 Jan 2024 11:52:17 GMT

Method: GET
Route: /api/vacations/image/barcelona.jpg
Body: {}
----------------------------------------------------------------------------------------------------
Thu, 25 Jan 2024 11:52:17 GMT

Method: GET
Route: /api/vacations/image/auckland.jpg
Body: {}
----------------------------------------------------------------------------------------------------
Thu, 25 Jan 2024 11:52:17 GMT

Method: GET
Route: /api/vacations/image/bangkok.jpg
Body: {}
----------------------------------------------------------------------------------------------------
Thu, 25 Jan 2024 11:52:57 GMT

Method: POST
Route: /api/auth/login
Body: {"email":"admin@admin.com","password":"asdasd"}
----------------------------------------------------------------------------------------------------
Thu, 25 Jan 2024 11:53:02 GMT

Method: POST
Route: /api/auth/login
Body: {"email":"admin@admin.com","password":"Admin1234"}
----------------------------------------------------------------------------------------------------
Thu, 25 Jan 2024 11:53:02 GMT

Method: GET
Route: /api/user/image/ab9c1c3d-b36e-4b54-857a-642dc9b71dc0.png
Body: {}
----------------------------------------------------------------------------------------------------
Thu, 25 Jan 2024 11:53:02 GMT

Method: GET
Route: /api/vacations/subscriptions/36
Body: {}
----------------------------------------------------------------------------------------------------
Thu, 25 Jan 2024 11:53:02 GMT

Method: GET
Route: /api/vacations/image/4c16da08-6915-4dd0-b88d-51ad9bc805db.jpg
Body: {}
----------------------------------------------------------------------------------------------------
Thu, 25 Jan 2024 11:53:02 GMT

Method: GET
Route: /api/vacations/image/new_york.jpg
Body: {}
----------------------------------------------------------------------------------------------------
Thu, 25 Jan 2024 11:53:02 GMT

Method: GET
Route: /api/vacations/image/tokyo.jpg
Body: {}
----------------------------------------------------------------------------------------------------
Thu, 25 Jan 2024 11:53:02 GMT

Method: GET
Route: /api/vacations/image/rome.jpg
Body: {}
----------------------------------------------------------------------------------------------------
Thu, 25 Jan 2024 11:53:02 GMT

Method: GET
Route: /api/vacations/image/cairo.jpg
Body: {}
----------------------------------------------------------------------------------------------------
Thu, 25 Jan 2024 11:53:02 GMT

Method: GET
Route: /api/vacations/image/rio.jpg
Body: {}
----------------------------------------------------------------------------------------------------
Thu, 25 Jan 2024 11:53:02 GMT

Method: GET
Route: /api/vacations/image/barcelona.jpg
Body: {}
----------------------------------------------------------------------------------------------------
Thu, 25 Jan 2024 11:53:02 GMT

Method: GET
Route: /api/vacations/image/auckland.jpg
Body: {}
----------------------------------------------------------------------------------------------------
Thu, 25 Jan 2024 11:53:02 GMT

Method: GET
Route: /api/vacations/image/bangkok.jpg
Body: {}
----------------------------------------------------------------------------------------------------
Thu, 25 Jan 2024 11:53:46 GMT

Method: POST
Route: /api/auth/login
Body: {"email":"admin@admin.com","password":"Admin123"}
----------------------------------------------------------------------------------------------------
Thu, 25 Jan 2024 11:53:48 GMT

Method: POST
Route: /api/auth/login
Body: {"email":"admin@admin.com","password":"Admin1234"}
----------------------------------------------------------------------------------------------------
Thu, 25 Jan 2024 11:53:48 GMT

Method: GET
Route: /api/user/image/ab9c1c3d-b36e-4b54-857a-642dc9b71dc0.png
Body: {}
----------------------------------------------------------------------------------------------------
Thu, 25 Jan 2024 11:53:48 GMT

Method: GET
Route: /api/vacations/image/4c16da08-6915-4dd0-b88d-51ad9bc805db.jpg
Body: {}
----------------------------------------------------------------------------------------------------
Thu, 25 Jan 2024 11:53:48 GMT

Method: GET
Route: /api/vacations/image/new_york.jpg
Body: {}
----------------------------------------------------------------------------------------------------
Thu, 25 Jan 2024 11:53:48 GMT

Method: GET
Route: /api/vacations/image/tokyo.jpg
Body: {}
----------------------------------------------------------------------------------------------------
Thu, 25 Jan 2024 11:53:48 GMT

Method: GET
Route: /api/vacations/image/rome.jpg
Body: {}
----------------------------------------------------------------------------------------------------
Thu, 25 Jan 2024 11:53:48 GMT

Method: GET
Route: /api/vacations/image/cairo.jpg
Body: {}
----------------------------------------------------------------------------------------------------
Thu, 25 Jan 2024 11:53:48 GMT

Method: GET
Route: /api/vacations/image/rio.jpg
Body: {}
----------------------------------------------------------------------------------------------------
Thu, 25 Jan 2024 11:53:48 GMT

Method: GET
Route: /api/vacations/image/barcelona.jpg
Body: {}
----------------------------------------------------------------------------------------------------
Thu, 25 Jan 2024 11:53:48 GMT

Method: GET
Route: /api/vacations/image/auckland.jpg
Body: {}
----------------------------------------------------------------------------------------------------
Thu, 25 Jan 2024 11:53:48 GMT

Method: GET
Route: /api/vacations/image/bangkok.jpg
Body: {}
----------------------------------------------------------------------------------------------------
Thu, 25 Jan 2024 12:54:15 GMT

Method: GET
Route: /api/user/image/ab9c1c3d-b36e-4b54-857a-642dc9b71dc0.png
Body: {}
----------------------------------------------------------------------------------------------------
Thu, 25 Jan 2024 12:54:43 GMT

Method: GET
Route: /api/vacations/subscriptions/36
Body: {}
----------------------------------------------------------------------------------------------------
Thu, 25 Jan 2024 12:54:49 GMT

Method: GET
Route: /api/vacations/image/4c16da08-6915-4dd0-b88d-51ad9bc805db.jpg
Body: {}
----------------------------------------------------------------------------------------------------
Thu, 25 Jan 2024 12:54:49 GMT

Method: GET
Route: /api/vacations/image/new_york.jpg
Body: {}
----------------------------------------------------------------------------------------------------
Thu, 25 Jan 2024 12:54:49 GMT

Method: GET
Route: /api/vacations/image/tokyo.jpg
Body: {}
----------------------------------------------------------------------------------------------------
Thu, 25 Jan 2024 12:54:49 GMT

Method: GET
Route: /api/vacations/image/rome.jpg
Body: {}
----------------------------------------------------------------------------------------------------
Thu, 25 Jan 2024 12:54:49 GMT

Method: GET
Route: /api/vacations/image/cairo.jpg
Body: {}
----------------------------------------------------------------------------------------------------
Thu, 25 Jan 2024 12:54:49 GMT

Method: GET
Route: /api/vacations/image/rio.jpg
Body: {}
----------------------------------------------------------------------------------------------------
Thu, 25 Jan 2024 12:54:49 GMT

Method: GET
Route: /api/vacations/image/barcelona.jpg
Body: {}
----------------------------------------------------------------------------------------------------
Thu, 25 Jan 2024 12:54:49 GMT

Method: GET
Route: /api/vacations/image/auckland.jpg
Body: {}
----------------------------------------------------------------------------------------------------
Thu, 25 Jan 2024 12:54:49 GMT

Method: GET
Route: /api/vacations/image/bangkok.jpg
Body: {}
----------------------------------------------------------------------------------------------------
Thu, 25 Jan 2024 12:54:51 GMT

Method: GET
Route: /api/vacations/image/marrakech.jpg
Body: {}
----------------------------------------------------------------------------------------------------
Thu, 25 Jan 2024 12:54:51 GMT

Method: GET
Route: /api/vacations/image/dubai.jpg
Body: {}
----------------------------------------------------------------------------------------------------
Thu, 25 Jan 2024 12:54:51 GMT

Method: GET
Route: /api/vacations/image/venice.jpg
Body: {}
----------------------------------------------------------------------------------------------------
Thu, 25 Jan 2024 12:54:51 GMT

Method: GET
Route: /api/vacations/image/19910136-3d1c-467e-868c-86de25db5649.jpeg
Body: {}
----------------------------------------------------------------------------------------------------
Thu, 25 Jan 2024 12:54:51 GMT

Method: GET
Route: /api/vacations/image/cape_town.jpg
Body: {}
----------------------------------------------------------------------------------------------------
Thu, 25 Jan 2024 12:54:51 GMT

Method: GET
Route: /api/vacations/image/seoul.jpg
Body: {}
----------------------------------------------------------------------------------------------------
Thu, 25 Jan 2024 12:54:56 GMT

Method: DELETE
Route: /api/vacations/23
Body: {}
----------------------------------------------------------------------------------------------------
Thu, 25 Jan 2024 12:55:31 GMT

Method: GET
Route: /api/user/image/ab9c1c3d-b36e-4b54-857a-642dc9b71dc0.png
Body: {}
----------------------------------------------------------------------------------------------------
Thu, 25 Jan 2024 12:55:31 GMT

Method: GET
Route: /api/vacations/subscriptions/36
Body: {}
----------------------------------------------------------------------------------------------------
Thu, 25 Jan 2024 12:55:31 GMT

Method: GET
Route: /api/vacations/image/4c16da08-6915-4dd0-b88d-51ad9bc805db.jpg
Body: {}
----------------------------------------------------------------------------------------------------
Thu, 25 Jan 2024 12:55:31 GMT

Method: GET
Route: /api/vacations/image/new_york.jpg
Body: {}
----------------------------------------------------------------------------------------------------
Thu, 25 Jan 2024 12:55:31 GMT

Method: GET
Route: /api/vacations/image/tokyo.jpg
Body: {}
----------------------------------------------------------------------------------------------------
Thu, 25 Jan 2024 12:55:31 GMT

Method: GET
Route: /api/vacations/image/rome.jpg
Body: {}
----------------------------------------------------------------------------------------------------
Thu, 25 Jan 2024 12:55:31 GMT

Method: GET
Route: /api/vacations/image/cairo.jpg
Body: {}
----------------------------------------------------------------------------------------------------
Thu, 25 Jan 2024 12:55:31 GMT

Method: GET
Route: /api/vacations/image/rio.jpg
Body: {}
----------------------------------------------------------------------------------------------------
Thu, 25 Jan 2024 12:55:31 GMT

Method: GET
Route: /api/vacations/image/barcelona.jpg
Body: {}
----------------------------------------------------------------------------------------------------
Thu, 25 Jan 2024 12:55:31 GMT

Method: GET
Route: /api/vacations/image/auckland.jpg
Body: {}
----------------------------------------------------------------------------------------------------
Thu, 25 Jan 2024 12:55:31 GMT

Method: GET
Route: /api/vacations/image/bangkok.jpg
Body: {}
----------------------------------------------------------------------------------------------------
Thu, 25 Jan 2024 12:55:33 GMT

Method: GET
Route: /api/vacations/image/marrakech.jpg
Body: {}
----------------------------------------------------------------------------------------------------
Thu, 25 Jan 2024 12:55:33 GMT

Method: GET
Route: /api/vacations/image/dubai.jpg
Body: {}
----------------------------------------------------------------------------------------------------
Thu, 25 Jan 2024 12:55:33 GMT

Method: GET
Route: /api/vacations/image/venice.jpg
Body: {}
----------------------------------------------------------------------------------------------------
Thu, 25 Jan 2024 12:55:33 GMT

Method: GET
Route: /api/vacations/image/cape_town.jpg
Body: {}
----------------------------------------------------------------------------------------------------
Thu, 25 Jan 2024 12:55:33 GMT

Method: GET
Route: /api/vacations/image/seoul.jpg
Body: {}
----------------------------------------------------------------------------------------------------
Thu, 25 Jan 2024 12:55:52 GMT

Method: POST
Route: /api/add-vacation/
Body: {"destination":"test123","description":"asfdasdfawe","price":"1234","vacationStartDate":"2024-01-25","vacationEndDate":"2024-01-26"}
----------------------------------------------------------------------------------------------------
Thu, 25 Jan 2024 12:57:05 GMT

Method: POST
Route: /api/add-vacation/
Body: {"destination":"test123","description":"asfdasdfawe","price":"1234","vacationStartDate":"2024-01-25","vacationEndDate":"2024-01-26"}
----------------------------------------------------------------------------------------------------
Thu, 25 Jan 2024 13:16:14 GMT

Method: GET
Route: /api/user/image/ab9c1c3d-b36e-4b54-857a-642dc9b71dc0.png
Body: {}
----------------------------------------------------------------------------------------------------
Thu, 25 Jan 2024 13:16:41 GMT

Method: GET
Route: /api/vacations/subscriptions/36
Body: {}
----------------------------------------------------------------------------------------------------
Thu, 25 Jan 2024 13:16:41 GMT

Method: GET
Route: /api/vacations/image/4c16da08-6915-4dd0-b88d-51ad9bc805db.jpg
Body: {}
----------------------------------------------------------------------------------------------------
Thu, 25 Jan 2024 13:16:41 GMT

Method: GET
Route: /api/vacations/image/new_york.jpg
Body: {}
----------------------------------------------------------------------------------------------------
Thu, 25 Jan 2024 13:16:41 GMT

Method: GET
Route: /api/vacations/image/tokyo.jpg
Body: {}
----------------------------------------------------------------------------------------------------
Thu, 25 Jan 2024 13:16:41 GMT

Method: GET
Route: /api/vacations/image/rome.jpg
Body: {}
----------------------------------------------------------------------------------------------------
Thu, 25 Jan 2024 13:16:41 GMT

Method: GET
Route: /api/vacations/image/cairo.jpg
Body: {}
----------------------------------------------------------------------------------------------------
Thu, 25 Jan 2024 13:16:41 GMT

Method: GET
Route: /api/vacations/image/barcelona.jpg
Body: {}
----------------------------------------------------------------------------------------------------
Thu, 25 Jan 2024 13:16:41 GMT

Method: GET
Route: /api/vacations/image/rio.jpg
Body: {}
----------------------------------------------------------------------------------------------------
Thu, 25 Jan 2024 13:16:41 GMT

Method: GET
Route: /api/vacations/image/auckland.jpg
Body: {}
----------------------------------------------------------------------------------------------------
Thu, 25 Jan 2024 13:16:41 GMT

Method: GET
Route: /api/vacations/image/bangkok.jpg
Body: {}
----------------------------------------------------------------------------------------------------
Thu, 25 Jan 2024 13:17:42 GMT

Method: GET
Route: /api/vacations/image/4c16da08-6915-4dd0-b88d-51ad9bc805db.jpg
Body: {}
----------------------------------------------------------------------------------------------------
Thu, 25 Jan 2024 13:17:42 GMT

Method: GET
Route: /api/vacations/image/new_york.jpg
Body: {}
----------------------------------------------------------------------------------------------------
Thu, 25 Jan 2024 13:17:42 GMT

Method: GET
Route: /api/vacations/image/tokyo.jpg
Body: {}
----------------------------------------------------------------------------------------------------
Thu, 25 Jan 2024 13:17:42 GMT

Method: GET
Route: /api/vacations/image/rome.jpg
Body: {}
----------------------------------------------------------------------------------------------------
Thu, 25 Jan 2024 13:17:42 GMT

Method: GET
Route: /api/vacations/image/barcelona.jpg
Body: {}
----------------------------------------------------------------------------------------------------
Thu, 25 Jan 2024 13:17:42 GMT

Method: GET
Route: /api/vacations/image/cairo.jpg
Body: {}
----------------------------------------------------------------------------------------------------
Thu, 25 Jan 2024 13:17:42 GMT

Method: GET
Route: /api/vacations/image/rio.jpg
Body: {}
----------------------------------------------------------------------------------------------------
Thu, 25 Jan 2024 13:17:42 GMT

Method: GET
Route: /api/vacations/image/bangkok.jpg
Body: {}
----------------------------------------------------------------------------------------------------
Thu, 25 Jan 2024 13:17:42 GMT

Method: GET
Route: /api/vacations/image/auckland.jpg
Body: {}
----------------------------------------------------------------------------------------------------
Thu, 25 Jan 2024 13:58:14 GMT

Method: GET
Route: /api/password-recovery/volobuyev.stock@gmail.com
Body: {}
----------------------------------------------------------------------------------------------------
Thu, 25 Jan 2024 13:58:56 GMT

Method: GET
Route: /api/password-recovery/volobuyev.stock@gmail.com
Body: {}
----------------------------------------------------------------------------------------------------
Thu, 25 Jan 2024 13:59:35 GMT

Method: GET
Route: /api/password-recovery/volobuyev.stock@gmail.com
Body: {}
----------------------------------------------------------------------------------------------------
Thu, 25 Jan 2024 14:00:17 GMT

Method: GET
Route: /api/verify-code/588967
Body: {}
----------------------------------------------------------------------------------------------------
Thu, 25 Jan 2024 14:00:40 GMT

Method: POST
Route: /api/update-password/
Body: {"password":"Admin12","verifyPassword":"Admin12","email":"volobuyev.stock@gmail.com"}
----------------------------------------------------------------------------------------------------
Thu, 25 Jan 2024 14:01:13 GMT

Method: POST
Route: /api/update-password/
Body: {"password":"Admin12","verifyPassword":"Admin12","email":"volobuyev.stock@gmail.com"}
----------------------------------------------------------------------------------------------------
Thu, 25 Jan 2024 14:01:19 GMT

Method: POST
Route: /api/auth/login
Body: {"email":"volobuyev.stock@gmail.com","password":"Admin12"}
----------------------------------------------------------------------------------------------------
Thu, 25 Jan 2024 14:01:19 GMT

Method: GET
Route: /api/vacations/subscriptions/41
Body: {}
----------------------------------------------------------------------------------------------------
Thu, 25 Jan 2024 14:01:19 GMT

Method: GET
Route: /api/vacations/image/4c16da08-6915-4dd0-b88d-51ad9bc805db.jpg
Body: {}
----------------------------------------------------------------------------------------------------
Thu, 25 Jan 2024 14:01:19 GMT

Method: GET
Route: /api/vacations/image/new_york.jpg
Body: {}
----------------------------------------------------------------------------------------------------
Thu, 25 Jan 2024 14:01:19 GMT

Method: GET
Route: /api/vacations/image/tokyo.jpg
Body: {}
----------------------------------------------------------------------------------------------------
Thu, 25 Jan 2024 14:01:19 GMT

Method: GET
Route: /api/vacations/image/rome.jpg
Body: {}
----------------------------------------------------------------------------------------------------
Thu, 25 Jan 2024 14:01:19 GMT

Method: GET
Route: /api/vacations/image/cairo.jpg
Body: {}
----------------------------------------------------------------------------------------------------
Thu, 25 Jan 2024 14:01:19 GMT

Method: GET
Route: /api/vacations/image/rio.jpg
Body: {}
----------------------------------------------------------------------------------------------------
Thu, 25 Jan 2024 14:01:19 GMT

Method: GET
Route: /api/vacations/image/barcelona.jpg
Body: {}
----------------------------------------------------------------------------------------------------
Thu, 25 Jan 2024 14:01:19 GMT

Method: GET
Route: /api/vacations/image/auckland.jpg
Body: {}
----------------------------------------------------------------------------------------------------
Thu, 25 Jan 2024 14:01:19 GMT

Method: GET
Route: /api/vacations/image/bangkok.jpg
Body: {}
----------------------------------------------------------------------------------------------------
Thu, 25 Jan 2024 14:01:25 GMT

Method: GET
Route: /api/password-recovery/volobuyev.stock@gmail.com
Body: {}
----------------------------------------------------------------------------------------------------
Thu, 25 Jan 2024 14:02:23 GMT

Method: GET
Route: /api/verify-code/197982
Body: {}
----------------------------------------------------------------------------------------------------
Thu, 25 Jan 2024 14:04:33 GMT

Method: GET
Route: /api/password-recovery/volobuyev.stock@gmail.com
Body: {}
----------------------------------------------------------------------------------------------------
Thu, 25 Jan 2024 14:05:26 GMT

Method: GET
Route: /api/verify-code/370158
Body: {}
----------------------------------------------------------------------------------------------------
Thu, 25 Jan 2024 14:08:31 GMT

Method: GET
Route: /api/password-recovery/volobuyev.stock@gmail.com
Body: {}
----------------------------------------------------------------------------------------------------
Thu, 25 Jan 2024 14:08:44 GMT

Method: GET
Route: /api/verify-code/221282
Body: {}
----------------------------------------------------------------------------------------------------
Thu, 25 Jan 2024 14:09:35 GMT

Method: GET
Route: /api/password-recovery/volobuyev.stock@gmail.com
Body: {}
----------------------------------------------------------------------------------------------------
Thu, 25 Jan 2024 14:09:49 GMT

Method: GET
Route: /api/verify-code/458889
Body: {}
----------------------------------------------------------------------------------------------------
