Thu, 25 Jan 2024 10:45:48 GMT
userToUpdate.passwordValidation is not a function
Stack: TypeError: userToUpdate.passwordValidation is not a function
    at AuthService.<anonymous> (C:\Users\משתמש\OneDrive\Desktop\JB Projects 3\Backend\src\5-services\auth-service.ts:68:18)
    at Generator.next (<anonymous>)
    at C:\Users\משתמש\OneDrive\Desktop\JB Projects 3\Backend\src\5-services\auth-service.ts:8:71
    at new Promise (<anonymous>)
    at __awaiter (C:\Users\משתמש\OneDrive\Desktop\JB Projects 3\Backend\src\5-services\auth-service.ts:4:12)
    at AuthService.setNewPassword (C:\Users\משתמש\OneDrive\Desktop\JB Projects 3\Backend\src\5-services\auth-service.ts:72:16)
    at C:\Users\משתמש\OneDrive\Desktop\JB Projects 3\Backend\src\6-controllers\auth-controller.ts:40:25
    at Generator.next (<anonymous>)
    at C:\Users\משתמש\OneDrive\Desktop\JB Projects 3\Backend\src\6-controllers\auth-controller.ts:8:71
    at new Promise (<anonymous>)
----------------------------------------------------------------------------------------------------
Thu, 25 Jan 2024 10:56:58 GMT
userToUpdate.passwordValidation is not a function
Stack: TypeError: userToUpdate.passwordValidation is not a function
    at AuthService.<anonymous> (C:\Users\משתמש\OneDrive\Desktop\JB Projects 3\Backend\src\5-services\auth-service.ts:68:18)
    at Generator.next (<anonymous>)
    at C:\Users\משתמש\OneDrive\Desktop\JB Projects 3\Backend\src\5-services\auth-service.ts:8:71
    at new Promise (<anonymous>)
    at __awaiter (C:\Users\משתמש\OneDrive\Desktop\JB Projects 3\Backend\src\5-services\auth-service.ts:4:12)
    at AuthService.setNewPassword (C:\Users\משתמש\OneDrive\Desktop\JB Projects 3\Backend\src\5-services\auth-service.ts:72:16)
    at C:\Users\משתמש\OneDrive\Desktop\JB Projects 3\Backend\src\6-controllers\auth-controller.ts:40:25
    at Generator.next (<anonymous>)
    at C:\Users\משתמש\OneDrive\Desktop\JB Projects 3\Backend\src\6-controllers\auth-controller.ts:8:71
    at new Promise (<anonymous>)
----------------------------------------------------------------------------------------------------
Thu, 25 Jan 2024 10:58:38 GMT
userToUpdate.passwordValidation is not a function
Stack: TypeError: userToUpdate.passwordValidation is not a function
    at AuthService.<anonymous> (C:\Users\משתמש\OneDrive\Desktop\JB Projects 3\Backend\src\5-services\auth-service.ts:68:18)
    at Generator.next (<anonymous>)
    at C:\Users\משתמש\OneDrive\Desktop\JB Projects 3\Backend\src\5-services\auth-service.ts:8:71
    at new Promise (<anonymous>)
    at __awaiter (C:\Users\משתמש\OneDrive\Desktop\JB Projects 3\Backend\src\5-services\auth-service.ts:4:12)
    at AuthService.setNewPassword (C:\Users\משתמש\OneDrive\Desktop\JB Projects 3\Backend\src\5-services\auth-service.ts:72:16)
    at C:\Users\משתמש\OneDrive\Desktop\JB Projects 3\Backend\src\6-controllers\auth-controller.ts:40:25
    at Generator.next (<anonymous>)
    at C:\Users\משתמש\OneDrive\Desktop\JB Projects 3\Backend\src\6-controllers\auth-controller.ts:8:71
    at new Promise (<anonymous>)
----------------------------------------------------------------------------------------------------
Thu, 25 Jan 2024 11:01:29 GMT
userToUpdate.passwordValidation is not a function
Stack: TypeError: userToUpdate.passwordValidation is not a function
    at AuthService.<anonymous> (C:\Users\משתמש\OneDrive\Desktop\JB Projects 3\Backend\src\5-services\auth-service.ts:70:18)
    at Generator.next (<anonymous>)
    at C:\Users\משתמש\OneDrive\Desktop\JB Projects 3\Backend\src\5-services\auth-service.ts:8:71
    at new Promise (<anonymous>)
    at __awaiter (C:\Users\משתמש\OneDrive\Desktop\JB Projects 3\Backend\src\5-services\auth-service.ts:4:12)
    at AuthService.setNewPassword (C:\Users\משתמש\OneDrive\Desktop\JB Projects 3\Backend\src\5-services\auth-service.ts:72:16)
    at C:\Users\משתמש\OneDrive\Desktop\JB Projects 3\Backend\src\6-controllers\auth-controller.ts:40:25
    at Generator.next (<anonymous>)
    at C:\Users\משתמש\OneDrive\Desktop\JB Projects 3\Backend\src\6-controllers\auth-controller.ts:8:71
    at new Promise (<anonymous>)
----------------------------------------------------------------------------------------------------
Thu, 25 Jan 2024 11:04:03 GMT
Incorrect Email or Password
----------------------------------------------------------------------------------------------------
Thu, 25 Jan 2024 11:04:27 GMT
Incorrect Email or Password
----------------------------------------------------------------------------------------------------
Thu, 25 Jan 2024 11:12:51 GMT
userToUpdate.passwordValidation is not a function
Stack: TypeError: userToUpdate.passwordValidation is not a function
    at AuthService.<anonymous> (C:\Users\משתמש\OneDrive\Desktop\JB Projects 3\Backend\src\5-services\auth-service.ts:69:18)
    at Generator.next (<anonymous>)
    at C:\Users\משתמש\OneDrive\Desktop\JB Projects 3\Backend\src\5-services\auth-service.ts:8:71
    at new Promise (<anonymous>)
    at __awaiter (C:\Users\משתמש\OneDrive\Desktop\JB Projects 3\Backend\src\5-services\auth-service.ts:4:12)
    at AuthService.setNewPassword (C:\Users\משתמש\OneDrive\Desktop\JB Projects 3\Backend\src\5-services\auth-service.ts:72:16)
    at C:\Users\משתמש\OneDrive\Desktop\JB Projects 3\Backend\src\6-controllers\auth-controller.ts:40:25
    at Generator.next (<anonymous>)
    at C:\Users\משתמש\OneDrive\Desktop\JB Projects 3\Backend\src\6-controllers\auth-controller.ts:8:71
    at new Promise (<anonymous>)
----------------------------------------------------------------------------------------------------
Thu, 25 Jan 2024 11:25:29 GMT
userToUpdate.passwordValidation is not a function
Stack: TypeError: userToUpdate.passwordValidation is not a function
    at AuthService.<anonymous> (C:\Users\משתמש\OneDrive\Desktop\JB Projects 3\Backend\src\5-services\auth-service.ts:68:18)
    at Generator.next (<anonymous>)
    at C:\Users\משתמש\OneDrive\Desktop\JB Projects 3\Backend\src\5-services\auth-service.ts:8:71
    at new Promise (<anonymous>)
    at __awaiter (C:\Users\משתמש\OneDrive\Desktop\JB Projects 3\Backend\src\5-services\auth-service.ts:4:12)
    at AuthService.setNewPassword (C:\Users\משתמש\OneDrive\Desktop\JB Projects 3\Backend\src\5-services\auth-service.ts:72:16)
    at C:\Users\משתמש\OneDrive\Desktop\JB Projects 3\Backend\src\6-controllers\auth-controller.ts:40:25
    at Generator.next (<anonymous>)
    at C:\Users\משתמש\OneDrive\Desktop\JB Projects 3\Backend\src\6-controllers\auth-controller.ts:8:71
    at new Promise (<anonymous>)
----------------------------------------------------------------------------------------------------
Thu, 25 Jan 2024 11:30:04 GMT
userToUpdate.displayObj is not a function
Stack: TypeError: userToUpdate.displayObj is not a function
    at AuthService.<anonymous> (C:\Users\משתמש\OneDrive\Desktop\JB Projects 3\Backend\src\5-services\auth-service.ts:68:30)
    at Generator.next (<anonymous>)
    at C:\Users\משתמש\OneDrive\Desktop\JB Projects 3\Backend\src\5-services\auth-service.ts:8:71
    at new Promise (<anonymous>)
    at __awaiter (C:\Users\משתמש\OneDrive\Desktop\JB Projects 3\Backend\src\5-services\auth-service.ts:4:12)
    at AuthService.setNewPassword (C:\Users\משתמש\OneDrive\Desktop\JB Projects 3\Backend\src\5-services\auth-service.ts:72:16)
    at C:\Users\משתמש\OneDrive\Desktop\JB Projects 3\Backend\src\6-controllers\auth-controller.ts:40:25
    at Generator.next (<anonymous>)
    at C:\Users\משתמש\OneDrive\Desktop\JB Projects 3\Backend\src\6-controllers\auth-controller.ts:8:71
    at new Promise (<anonymous>)
----------------------------------------------------------------------------------------------------
Thu, 25 Jan 2024 11:32:46 GMT
userToUpdate.passwordValidation is not a function
Stack: TypeError: userToUpdate.passwordValidation is not a function
    at AuthService.<anonymous> (C:\Users\משתמש\OneDrive\Desktop\JB Projects 3\Backend\src\5-services\auth-service.ts:68:18)
    at Generator.next (<anonymous>)
    at C:\Users\משתמש\OneDrive\Desktop\JB Projects 3\Backend\src\5-services\auth-service.ts:8:71
    at new Promise (<anonymous>)
    at __awaiter (C:\Users\משתמש\OneDrive\Desktop\JB Projects 3\Backend\src\5-services\auth-service.ts:4:12)
    at AuthService.setNewPassword (C:\Users\משתמש\OneDrive\Desktop\JB Projects 3\Backend\src\5-services\auth-service.ts:72:16)
    at C:\Users\משתמש\OneDrive\Desktop\JB Projects 3\Backend\src\6-controllers\auth-controller.ts:40:25
    at Generator.next (<anonymous>)
    at C:\Users\משתמש\OneDrive\Desktop\JB Projects 3\Backend\src\6-controllers\auth-controller.ts:8:71
    at new Promise (<anonymous>)
----------------------------------------------------------------------------------------------------
Thu, 25 Jan 2024 11:36:57 GMT
User with Email asd@gmail.com doest't exists.
----------------------------------------------------------------------------------------------------
Thu, 25 Jan 2024 11:37:02 GMT
User with Email asd@gmail.com doest't exists.
----------------------------------------------------------------------------------------------------
