Wed, 27 Dec 2023 20:00:14 GMT

Method: POST
Route: /api/user/32
Body: {"firstName":"Bart1","lastName":"Simpson","email":"bart@gmail.com","userId":32}
----------------------------------------------------------------------------------------------------
Wed, 27 Dec 2023 20:01:27 GMT

Method: POST
Route: /api/auth/register
Body: {"firstName":"Veronica","lastName":"Soloduha","email":"veronica10@gmail.com","password":"Veronica1234"}
----------------------------------------------------------------------------------------------------
Wed, 27 Dec 2023 20:09:36 GMT

Method: POST
Route: /api/auth/register
Body: {"firstName":"Veronica","lastName":"Soloduha","email":"veronica10@gmail.com","password":"Veronica1234"}
----------------------------------------------------------------------------------------------------
Wed, 27 Dec 2023 20:10:02 GMT

Method: POST
Route: /api/auth/register
Body: {"firstName":"Veronica","lastName":"Soloduha","email":"veronica10@gmail.com","password":"Veronica1234"}
----------------------------------------------------------------------------------------------------
Wed, 27 Dec 2023 20:11:34 GMT

Method: POST
Route: /api/auth/register
Body: {"firstName":"Veronica","lastName":"Soloduha","email":"veronica10@gmail.com","password":"Veronica1234"}
----------------------------------------------------------------------------------------------------
Wed, 27 Dec 2023 20:12:30 GMT

Method: POST
Route: /api/auth/register
Body: {"firstName":"Veronica","lastName":"Soloduha","email":"veronica10@gmail.com","password":"Veronica1234"}
----------------------------------------------------------------------------------------------------
Wed, 27 Dec 2023 20:12:30 GMT

Method: GET
Route: /api/vacations/feca8fe3-68cb-4621-8ef9-bd75cbaa9531.jpeg
Body: {}
----------------------------------------------------------------------------------------------------
Wed, 27 Dec 2023 20:12:30 GMT

Method: GET
Route: /api/vacations/new_york.jpg
Body: {}
----------------------------------------------------------------------------------------------------
Wed, 27 Dec 2023 20:12:30 GMT

Method: GET
Route: /api/vacations/tokyo.jpg
Body: {}
----------------------------------------------------------------------------------------------------
Wed, 27 Dec 2023 20:12:30 GMT

Method: GET
Route: /api/vacations/rome.jpg
Body: {}
----------------------------------------------------------------------------------------------------
Wed, 27 Dec 2023 20:12:30 GMT

Method: GET
Route: /api/vacations/sydney.jpg
Body: {}
----------------------------------------------------------------------------------------------------
Wed, 27 Dec 2023 20:12:30 GMT

Method: GET
Route: /api/vacations/cairo.jpg
Body: {}
----------------------------------------------------------------------------------------------------
Wed, 27 Dec 2023 20:12:30 GMT

Method: GET
Route: /api/vacations/rio.jpg
Body: {}
----------------------------------------------------------------------------------------------------
Wed, 27 Dec 2023 20:12:30 GMT

Method: GET
Route: /api/vacations/barcelona.jpg
Body: {}
----------------------------------------------------------------------------------------------------
Wed, 27 Dec 2023 20:12:30 GMT

Method: GET
Route: /api/vacations/auckland.jpg
Body: {}
----------------------------------------------------------------------------------------------------
Wed, 27 Dec 2023 20:13:20 GMT

Method: POST
Route: /api/auth/register
Body: {"firstName":"test","lastName":"test","email":"test@test.test","password":"Test1234"}
----------------------------------------------------------------------------------------------------
Wed, 27 Dec 2023 20:13:30 GMT

Method: POST
Route: /api/auth/register
Body: {"firstName":"test","lastName":"test","email":"test@gmail.com","password":"Test1234"}
----------------------------------------------------------------------------------------------------
Wed, 27 Dec 2023 20:13:30 GMT

Method: GET
Route: /api/vacations/feca8fe3-68cb-4621-8ef9-bd75cbaa9531.jpeg
Body: {}
----------------------------------------------------------------------------------------------------
Wed, 27 Dec 2023 20:13:30 GMT

Method: GET
Route: /api/vacations/new_york.jpg
Body: {}
----------------------------------------------------------------------------------------------------
Wed, 27 Dec 2023 20:13:30 GMT

Method: GET
Route: /api/vacations/tokyo.jpg
Body: {}
----------------------------------------------------------------------------------------------------
Wed, 27 Dec 2023 20:13:30 GMT

Method: GET
Route: /api/vacations/rome.jpg
Body: {}
----------------------------------------------------------------------------------------------------
Wed, 27 Dec 2023 20:13:30 GMT

Method: GET
Route: /api/vacations/sydney.jpg
Body: {}
----------------------------------------------------------------------------------------------------
Wed, 27 Dec 2023 20:13:30 GMT

Method: GET
Route: /api/vacations/cairo.jpg
Body: {}
----------------------------------------------------------------------------------------------------
Wed, 27 Dec 2023 20:13:30 GMT

Method: GET
Route: /api/vacations/rio.jpg
Body: {}
----------------------------------------------------------------------------------------------------
Wed, 27 Dec 2023 20:13:30 GMT

Method: GET
Route: /api/vacations/barcelona.jpg
Body: {}
----------------------------------------------------------------------------------------------------
Wed, 27 Dec 2023 20:13:30 GMT

Method: GET
Route: /api/vacations/auckland.jpg
Body: {}
----------------------------------------------------------------------------------------------------
Wed, 27 Dec 2023 20:14:49 GMT

Method: POST
Route: /api/auth/register
Body: {"firstName":"test","lastName":"test","email":"test1@test.test","password":"Test1234"}
----------------------------------------------------------------------------------------------------
Wed, 27 Dec 2023 20:14:55 GMT

Method: POST
Route: /api/auth/register
Body: {"firstName":"test","lastName":"test","email":"test1@test.com","password":"Test1234"}
----------------------------------------------------------------------------------------------------
Wed, 27 Dec 2023 20:14:55 GMT

Method: GET
Route: /api/vacations/feca8fe3-68cb-4621-8ef9-bd75cbaa9531.jpeg
Body: {}
----------------------------------------------------------------------------------------------------
Wed, 27 Dec 2023 20:14:55 GMT

Method: GET
Route: /api/vacations/new_york.jpg
Body: {}
----------------------------------------------------------------------------------------------------
Wed, 27 Dec 2023 20:14:55 GMT

Method: GET
Route: /api/vacations/tokyo.jpg
Body: {}
----------------------------------------------------------------------------------------------------
Wed, 27 Dec 2023 20:14:55 GMT

Method: GET
Route: /api/vacations/rome.jpg
Body: {}
----------------------------------------------------------------------------------------------------
Wed, 27 Dec 2023 20:14:55 GMT

Method: GET
Route: /api/vacations/sydney.jpg
Body: {}
----------------------------------------------------------------------------------------------------
Wed, 27 Dec 2023 20:14:55 GMT

Method: GET
Route: /api/vacations/rio.jpg
Body: {}
----------------------------------------------------------------------------------------------------
Wed, 27 Dec 2023 20:14:55 GMT

Method: GET
Route: /api/vacations/barcelona.jpg
Body: {}
----------------------------------------------------------------------------------------------------
Wed, 27 Dec 2023 20:14:55 GMT

Method: GET
Route: /api/vacations/cairo.jpg
Body: {}
----------------------------------------------------------------------------------------------------
Wed, 27 Dec 2023 20:14:55 GMT

Method: GET
Route: /api/vacations/auckland.jpg
Body: {}
----------------------------------------------------------------------------------------------------
Fri, 29 Dec 2023 10:32:28 GMT

Method: GET
Route: /api/vacations
Body: {}
----------------------------------------------------------------------------------------------------
Fri, 29 Dec 2023 10:32:31 GMT

Method: GET
Route: /api/vacations/tokyo.jpg
Body: {}
----------------------------------------------------------------------------------------------------
Fri, 29 Dec 2023 10:32:31 GMT

Method: GET
Route: /api/vacations/
Body: {}
----------------------------------------------------------------------------------------------------
Fri, 29 Dec 2023 10:32:31 GMT

Method: GET
Route: /api/vacations/cairo.jpg
Body: {}
----------------------------------------------------------------------------------------------------
Fri, 29 Dec 2023 10:32:31 GMT

Method: GET
Route: /api/vacations/rio.jpg
Body: {}
----------------------------------------------------------------------------------------------------
Fri, 29 Dec 2023 10:32:31 GMT

Method: GET
Route: /api/vacations/rome.jpg
Body: {}
----------------------------------------------------------------------------------------------------
Fri, 29 Dec 2023 10:32:31 GMT

Method: GET
Route: /api/vacations/sydney.jpg
Body: {}
----------------------------------------------------------------------------------------------------
Fri, 29 Dec 2023 10:32:31 GMT

Method: GET
Route: /api/vacations/barcelona.jpg
Body: {}
----------------------------------------------------------------------------------------------------
Fri, 29 Dec 2023 10:32:31 GMT

Method: GET
Route: /api/vacations/auckland.jpg
Body: {}
----------------------------------------------------------------------------------------------------
Fri, 29 Dec 2023 10:32:33 GMT

Method: GET
Route: /api/vacations
Body: {}
----------------------------------------------------------------------------------------------------
Fri, 29 Dec 2023 10:32:33 GMT

Method: GET
Route: /api/vacations/
Body: {}
----------------------------------------------------------------------------------------------------
Fri, 29 Dec 2023 10:32:33 GMT

Method: GET
Route: /api/vacations/tokyo.jpg
Body: {}
----------------------------------------------------------------------------------------------------
Fri, 29 Dec 2023 10:32:33 GMT

Method: GET
Route: /api/vacations/rome.jpg
Body: {}
----------------------------------------------------------------------------------------------------
Fri, 29 Dec 2023 10:32:33 GMT

Method: GET
Route: /api/vacations/sydney.jpg
Body: {}
----------------------------------------------------------------------------------------------------
Fri, 29 Dec 2023 10:32:33 GMT

Method: GET
Route: /api/vacations/cairo.jpg
Body: {}
----------------------------------------------------------------------------------------------------
Fri, 29 Dec 2023 10:32:33 GMT

Method: GET
Route: /api/vacations/rio.jpg
Body: {}
----------------------------------------------------------------------------------------------------
Fri, 29 Dec 2023 10:32:33 GMT

Method: GET
Route: /api/vacations/auckland.jpg
Body: {}
----------------------------------------------------------------------------------------------------
Fri, 29 Dec 2023 10:32:33 GMT

Method: GET
Route: /api/vacations/barcelona.jpg
Body: {}
----------------------------------------------------------------------------------------------------
Fri, 29 Dec 2023 10:32:40 GMT

Method: GET
Route: /api/vacations/
Body: {}
----------------------------------------------------------------------------------------------------
Fri, 29 Dec 2023 10:33:18 GMT

Method: GET
Route: /api/vacations
Body: {}
----------------------------------------------------------------------------------------------------
Fri, 29 Dec 2023 10:33:18 GMT

Method: GET
Route: /api/vacations/new_york.jpg
Body: {}
----------------------------------------------------------------------------------------------------
Fri, 29 Dec 2023 10:33:18 GMT

Method: GET
Route: /api/vacations/feca8fe3-68cb-4621-8ef9-bd75cbaa9531.jpeg
Body: {}
----------------------------------------------------------------------------------------------------
Fri, 29 Dec 2023 10:33:18 GMT

Method: GET
Route: /api/vacations/tokyo.jpg
Body: {}
----------------------------------------------------------------------------------------------------
Fri, 29 Dec 2023 10:33:18 GMT

Method: GET
Route: /api/vacations/rome.jpg
Body: {}
----------------------------------------------------------------------------------------------------
Fri, 29 Dec 2023 10:33:18 GMT

Method: GET
Route: /api/vacations/sydney.jpg
Body: {}
----------------------------------------------------------------------------------------------------
Fri, 29 Dec 2023 10:33:18 GMT

Method: GET
Route: /api/vacations/cairo.jpg
Body: {}
----------------------------------------------------------------------------------------------------
Fri, 29 Dec 2023 10:33:18 GMT

Method: GET
Route: /api/vacations/rio.jpg
Body: {}
----------------------------------------------------------------------------------------------------
Fri, 29 Dec 2023 10:33:18 GMT

Method: GET
Route: /api/vacations/barcelona.jpg
Body: {}
----------------------------------------------------------------------------------------------------
Fri, 29 Dec 2023 10:33:18 GMT

Method: GET
Route: /api/vacations/auckland.jpg
Body: {}
----------------------------------------------------------------------------------------------------
Fri, 29 Dec 2023 10:34:58 GMT

Method: GET
Route: /api/vacations
Body: {}
----------------------------------------------------------------------------------------------------
Fri, 29 Dec 2023 10:34:58 GMT

Method: GET
Route: /api/vacations/feca8fe3-68cb-4621-8ef9-bd75cbaa9531.jpeg
Body: {}
----------------------------------------------------------------------------------------------------
Fri, 29 Dec 2023 10:34:58 GMT

Method: GET
Route: /api/vacations/new_york.jpg
Body: {}
----------------------------------------------------------------------------------------------------
Fri, 29 Dec 2023 10:34:58 GMT

Method: GET
Route: /api/vacations/tokyo.jpg
Body: {}
----------------------------------------------------------------------------------------------------
Fri, 29 Dec 2023 10:34:58 GMT

Method: GET
Route: /api/vacations/rome.jpg
Body: {}
----------------------------------------------------------------------------------------------------
Fri, 29 Dec 2023 10:34:58 GMT

Method: GET
Route: /api/vacations/sydney.jpg
Body: {}
----------------------------------------------------------------------------------------------------
Fri, 29 Dec 2023 10:34:58 GMT

Method: GET
Route: /api/vacations/cairo.jpg
Body: {}
----------------------------------------------------------------------------------------------------
Fri, 29 Dec 2023 10:34:58 GMT

Method: GET
Route: /api/vacations/rio.jpg
Body: {}
----------------------------------------------------------------------------------------------------
Fri, 29 Dec 2023 10:34:58 GMT

Method: GET
Route: /api/vacations/barcelona.jpg
Body: {}
----------------------------------------------------------------------------------------------------
Fri, 29 Dec 2023 10:34:58 GMT

Method: GET
Route: /api/vacations/auckland.jpg
Body: {}
----------------------------------------------------------------------------------------------------
Fri, 29 Dec 2023 10:35:32 GMT

Method: GET
Route: /api/vacations/new_york.jpg
Body: {}
----------------------------------------------------------------------------------------------------
Fri, 29 Dec 2023 10:35:32 GMT

Method: GET
Route: /api/vacations/tokyo.jpg
Body: {}
----------------------------------------------------------------------------------------------------
Fri, 29 Dec 2023 10:35:32 GMT

Method: GET
Route: /api/vacations/rome.jpg
Body: {}
----------------------------------------------------------------------------------------------------
Fri, 29 Dec 2023 10:35:32 GMT

Method: GET
Route: /api/vacations/sydney.jpg
Body: {}
----------------------------------------------------------------------------------------------------
Fri, 29 Dec 2023 10:35:32 GMT

Method: GET
Route: /api/vacations/cairo.jpg
Body: {}
----------------------------------------------------------------------------------------------------
Fri, 29 Dec 2023 10:35:32 GMT

Method: GET
Route: /api/vacations/rio.jpg
Body: {}
----------------------------------------------------------------------------------------------------
Fri, 29 Dec 2023 10:35:32 GMT

Method: GET
Route: /api/vacations/barcelona.jpg
Body: {}
----------------------------------------------------------------------------------------------------
Fri, 29 Dec 2023 10:35:32 GMT

Method: GET
Route: /api/vacations/auckland.jpg
Body: {}
----------------------------------------------------------------------------------------------------
Fri, 29 Dec 2023 10:43:52 GMT

Method: POST
Route: /api/user/36
Body: {"firstName":"Admin1","lastName":"Admin","email":"admin@admin.com","userId":36}
----------------------------------------------------------------------------------------------------
Fri, 29 Dec 2023 10:43:52 GMT

Method: GET
Route: /api/vacations/new_york.jpg
Body: {}
----------------------------------------------------------------------------------------------------
Fri, 29 Dec 2023 10:43:52 GMT

Method: GET
Route: /api/vacations/feca8fe3-68cb-4621-8ef9-bd75cbaa9531.jpeg
Body: {}
----------------------------------------------------------------------------------------------------
Fri, 29 Dec 2023 10:43:52 GMT

Method: GET
Route: /api/vacations/tokyo.jpg
Body: {}
----------------------------------------------------------------------------------------------------
Fri, 29 Dec 2023 10:43:52 GMT

Method: GET
Route: /api/vacations/rome.jpg
Body: {}
----------------------------------------------------------------------------------------------------
Fri, 29 Dec 2023 10:43:52 GMT

Method: GET
Route: /api/vacations/sydney.jpg
Body: {}
----------------------------------------------------------------------------------------------------
Fri, 29 Dec 2023 10:43:52 GMT

Method: GET
Route: /api/vacations/cairo.jpg
Body: {}
----------------------------------------------------------------------------------------------------
Fri, 29 Dec 2023 10:43:52 GMT

Method: GET
Route: /api/vacations/rio.jpg
Body: {}
----------------------------------------------------------------------------------------------------
Fri, 29 Dec 2023 10:43:52 GMT

Method: GET
Route: /api/vacations/barcelona.jpg
Body: {}
----------------------------------------------------------------------------------------------------
Fri, 29 Dec 2023 10:43:52 GMT

Method: GET
Route: /api/vacations/auckland.jpg
Body: {}
----------------------------------------------------------------------------------------------------
Fri, 29 Dec 2023 10:45:07 GMT

Method: GET
Route: /api/vacations/feca8fe3-68cb-4621-8ef9-bd75cbaa9531.jpeg
Body: {}
----------------------------------------------------------------------------------------------------
Fri, 29 Dec 2023 10:45:07 GMT

Method: GET
Route: /api/vacations/new_york.jpg
Body: {}
----------------------------------------------------------------------------------------------------
Fri, 29 Dec 2023 10:45:07 GMT

Method: GET
Route: /api/vacations/tokyo.jpg
Body: {}
----------------------------------------------------------------------------------------------------
Fri, 29 Dec 2023 10:45:07 GMT

Method: GET
Route: /api/vacations/rome.jpg
Body: {}
----------------------------------------------------------------------------------------------------
Fri, 29 Dec 2023 10:45:07 GMT

Method: GET
Route: /api/vacations/sydney.jpg
Body: {}
----------------------------------------------------------------------------------------------------
Fri, 29 Dec 2023 10:45:07 GMT

Method: GET
Route: /api/vacations/cairo.jpg
Body: {}
----------------------------------------------------------------------------------------------------
Fri, 29 Dec 2023 10:45:07 GMT

Method: GET
Route: /api/vacations/rio.jpg
Body: {}
----------------------------------------------------------------------------------------------------
Fri, 29 Dec 2023 10:45:07 GMT

Method: GET
Route: /api/vacations/barcelona.jpg
Body: {}
----------------------------------------------------------------------------------------------------
Fri, 29 Dec 2023 10:45:07 GMT

Method: GET
Route: /api/vacations/auckland.jpg
Body: {}
----------------------------------------------------------------------------------------------------
Fri, 29 Dec 2023 10:47:46 GMT

Method: GET
Route: /api/vacations
Body: {}
----------------------------------------------------------------------------------------------------
Fri, 29 Dec 2023 10:47:46 GMT

Method: GET
Route: /api/vacations/feca8fe3-68cb-4621-8ef9-bd75cbaa9531.jpeg
Body: {}
----------------------------------------------------------------------------------------------------
Fri, 29 Dec 2023 10:47:46 GMT

Method: GET
Route: /api/vacations/new_york.jpg
Body: {}
----------------------------------------------------------------------------------------------------
Fri, 29 Dec 2023 10:47:46 GMT

Method: GET
Route: /api/vacations/tokyo.jpg
Body: {}
----------------------------------------------------------------------------------------------------
Fri, 29 Dec 2023 10:47:46 GMT

Method: GET
Route: /api/vacations/rome.jpg
Body: {}
----------------------------------------------------------------------------------------------------
Fri, 29 Dec 2023 10:47:46 GMT

Method: GET
Route: /api/vacations/sydney.jpg
Body: {}
----------------------------------------------------------------------------------------------------
Fri, 29 Dec 2023 10:47:46 GMT

Method: GET
Route: /api/vacations/cairo.jpg
Body: {}
----------------------------------------------------------------------------------------------------
Fri, 29 Dec 2023 10:47:46 GMT

Method: GET
Route: /api/vacations/rio.jpg
Body: {}
----------------------------------------------------------------------------------------------------
Fri, 29 Dec 2023 10:47:46 GMT

Method: GET
Route: /api/vacations/barcelona.jpg
Body: {}
----------------------------------------------------------------------------------------------------
Fri, 29 Dec 2023 10:47:46 GMT

Method: GET
Route: /api/vacations/auckland.jpg
Body: {}
----------------------------------------------------------------------------------------------------
Fri, 29 Dec 2023 10:48:17 GMT

Method: POST
Route: /api/user/36
Body: {"firstName":"Admin1","lastName":"Admin","email":"admin@admin.com","userId":36}
----------------------------------------------------------------------------------------------------
Fri, 29 Dec 2023 10:48:17 GMT

Method: GET
Route: /api/vacations/new_york.jpg
Body: {}
----------------------------------------------------------------------------------------------------
Fri, 29 Dec 2023 10:48:17 GMT

Method: GET
Route: /api/vacations/feca8fe3-68cb-4621-8ef9-bd75cbaa9531.jpeg
Body: {}
----------------------------------------------------------------------------------------------------
Fri, 29 Dec 2023 10:48:17 GMT

Method: GET
Route: /api/vacations/tokyo.jpg
Body: {}
----------------------------------------------------------------------------------------------------
Fri, 29 Dec 2023 10:48:17 GMT

Method: GET
Route: /api/vacations/rome.jpg
Body: {}
----------------------------------------------------------------------------------------------------
Fri, 29 Dec 2023 10:48:17 GMT

Method: GET
Route: /api/vacations/sydney.jpg
Body: {}
----------------------------------------------------------------------------------------------------
Fri, 29 Dec 2023 10:48:17 GMT

Method: GET
Route: /api/vacations/cairo.jpg
Body: {}
----------------------------------------------------------------------------------------------------
Fri, 29 Dec 2023 10:48:17 GMT

Method: GET
Route: /api/vacations/rio.jpg
Body: {}
----------------------------------------------------------------------------------------------------
Fri, 29 Dec 2023 10:48:17 GMT

Method: GET
Route: /api/vacations/barcelona.jpg
Body: {}
----------------------------------------------------------------------------------------------------
Fri, 29 Dec 2023 10:48:17 GMT

Method: GET
Route: /api/vacations/auckland.jpg
Body: {}
----------------------------------------------------------------------------------------------------
Fri, 29 Dec 2023 10:49:39 GMT

Method: GET
Route: /api/vacations/feca8fe3-68cb-4621-8ef9-bd75cbaa9531.jpeg
Body: {}
----------------------------------------------------------------------------------------------------
Fri, 29 Dec 2023 10:49:39 GMT

Method: GET
Route: /api/vacations/new_york.jpg
Body: {}
----------------------------------------------------------------------------------------------------
Fri, 29 Dec 2023 10:49:39 GMT

Method: GET
Route: /api/vacations/tokyo.jpg
Body: {}
----------------------------------------------------------------------------------------------------
Fri, 29 Dec 2023 10:49:39 GMT

Method: GET
Route: /api/vacations/sydney.jpg
Body: {}
----------------------------------------------------------------------------------------------------
Fri, 29 Dec 2023 10:49:39 GMT

Method: GET
Route: /api/vacations/cairo.jpg
Body: {}
----------------------------------------------------------------------------------------------------
Fri, 29 Dec 2023 10:49:39 GMT

Method: GET
Route: /api/vacations/rio.jpg
Body: {}
----------------------------------------------------------------------------------------------------
Fri, 29 Dec 2023 10:49:39 GMT

Method: GET
Route: /api/vacations/rome.jpg
Body: {}
----------------------------------------------------------------------------------------------------
Fri, 29 Dec 2023 10:49:39 GMT

Method: GET
Route: /api/vacations/barcelona.jpg
Body: {}
----------------------------------------------------------------------------------------------------
Fri, 29 Dec 2023 10:49:39 GMT

Method: GET
Route: /api/vacations/auckland.jpg
Body: {}
----------------------------------------------------------------------------------------------------
Fri, 29 Dec 2023 10:49:46 GMT

Method: POST
Route: /api/user/36
Body: {"firstName":"Admin1","lastName":"Admin","email":"admin@admin.com","userId":36}
----------------------------------------------------------------------------------------------------
Fri, 29 Dec 2023 10:49:46 GMT

Method: GET
Route: /api/vacations/feca8fe3-68cb-4621-8ef9-bd75cbaa9531.jpeg
Body: {}
----------------------------------------------------------------------------------------------------
Fri, 29 Dec 2023 10:49:46 GMT

Method: GET
Route: /api/vacations/new_york.jpg
Body: {}
----------------------------------------------------------------------------------------------------
Fri, 29 Dec 2023 10:49:46 GMT

Method: GET
Route: /api/vacations/tokyo.jpg
Body: {}
----------------------------------------------------------------------------------------------------
Fri, 29 Dec 2023 10:49:46 GMT

Method: GET
Route: /api/vacations/rome.jpg
Body: {}
----------------------------------------------------------------------------------------------------
Fri, 29 Dec 2023 10:49:46 GMT

Method: GET
Route: /api/vacations/sydney.jpg
Body: {}
----------------------------------------------------------------------------------------------------
Fri, 29 Dec 2023 10:49:46 GMT

Method: GET
Route: /api/vacations/cairo.jpg
Body: {}
----------------------------------------------------------------------------------------------------
Fri, 29 Dec 2023 10:49:46 GMT

Method: GET
Route: /api/vacations/rio.jpg
Body: {}
----------------------------------------------------------------------------------------------------
Fri, 29 Dec 2023 10:49:46 GMT

Method: GET
Route: /api/vacations/barcelona.jpg
Body: {}
----------------------------------------------------------------------------------------------------
Fri, 29 Dec 2023 10:49:46 GMT

Method: GET
Route: /api/vacations/auckland.jpg
Body: {}
----------------------------------------------------------------------------------------------------
Fri, 29 Dec 2023 10:51:17 GMT

Method: POST
Route: /api/user/36
Body: {"firstName":"Admin1","lastName":"Admin","email":"admin@admin.com","userId":36}
----------------------------------------------------------------------------------------------------
Fri, 29 Dec 2023 10:51:17 GMT

Method: GET
Route: /api/vacations/feca8fe3-68cb-4621-8ef9-bd75cbaa9531.jpeg
Body: {}
----------------------------------------------------------------------------------------------------
Fri, 29 Dec 2023 10:51:17 GMT

Method: GET
Route: /api/vacations/new_york.jpg
Body: {}
----------------------------------------------------------------------------------------------------
Fri, 29 Dec 2023 10:51:17 GMT

Method: GET
Route: /api/vacations/tokyo.jpg
Body: {}
----------------------------------------------------------------------------------------------------
Fri, 29 Dec 2023 10:51:17 GMT

Method: GET
Route: /api/vacations/rome.jpg
Body: {}
----------------------------------------------------------------------------------------------------
Fri, 29 Dec 2023 10:51:17 GMT

Method: GET
Route: /api/vacations/sydney.jpg
Body: {}
----------------------------------------------------------------------------------------------------
Fri, 29 Dec 2023 10:51:17 GMT

Method: GET
Route: /api/vacations/cairo.jpg
Body: {}
----------------------------------------------------------------------------------------------------
Fri, 29 Dec 2023 10:51:17 GMT

Method: GET
Route: /api/vacations/rio.jpg
Body: {}
----------------------------------------------------------------------------------------------------
Fri, 29 Dec 2023 10:51:17 GMT

Method: GET
Route: /api/vacations/barcelona.jpg
Body: {}
----------------------------------------------------------------------------------------------------
Fri, 29 Dec 2023 10:51:17 GMT

Method: GET
Route: /api/vacations/auckland.jpg
Body: {}
----------------------------------------------------------------------------------------------------
Fri, 29 Dec 2023 10:54:57 GMT

Method: GET
Route: /api/vacations
Body: {}
----------------------------------------------------------------------------------------------------
Fri, 29 Dec 2023 10:54:57 GMT

Method: GET
Route: /api/vacations/feca8fe3-68cb-4621-8ef9-bd75cbaa9531.jpeg
Body: {}
----------------------------------------------------------------------------------------------------
Fri, 29 Dec 2023 10:54:57 GMT

Method: GET
Route: /api/vacations/new_york.jpg
Body: {}
----------------------------------------------------------------------------------------------------
Fri, 29 Dec 2023 10:54:57 GMT

Method: GET
Route: /api/vacations/tokyo.jpg
Body: {}
----------------------------------------------------------------------------------------------------
Fri, 29 Dec 2023 10:54:57 GMT

Method: GET
Route: /api/vacations/rome.jpg
Body: {}
----------------------------------------------------------------------------------------------------
Fri, 29 Dec 2023 10:54:57 GMT

Method: GET
Route: /api/vacations/sydney.jpg
Body: {}
----------------------------------------------------------------------------------------------------
Fri, 29 Dec 2023 10:54:57 GMT

Method: GET
Route: /api/vacations/cairo.jpg
Body: {}
----------------------------------------------------------------------------------------------------
Fri, 29 Dec 2023 10:54:57 GMT

Method: GET
Route: /api/vacations/rio.jpg
Body: {}
----------------------------------------------------------------------------------------------------
Fri, 29 Dec 2023 10:54:57 GMT

Method: GET
Route: /api/vacations/barcelona.jpg
Body: {}
----------------------------------------------------------------------------------------------------
Fri, 29 Dec 2023 10:54:57 GMT

Method: GET
Route: /api/vacations/auckland.jpg
Body: {}
----------------------------------------------------------------------------------------------------
Fri, 29 Dec 2023 10:55:57 GMT

Method: GET
Route: /api/vacations/new_york.jpg
Body: {}
----------------------------------------------------------------------------------------------------
Fri, 29 Dec 2023 10:55:57 GMT

Method: GET
Route: /api/vacations/tokyo.jpg
Body: {}
----------------------------------------------------------------------------------------------------
Fri, 29 Dec 2023 10:55:57 GMT

Method: GET
Route: /api/vacations/rome.jpg
Body: {}
----------------------------------------------------------------------------------------------------
Fri, 29 Dec 2023 10:55:57 GMT

Method: GET
Route: /api/vacations/sydney.jpg
Body: {}
----------------------------------------------------------------------------------------------------
Fri, 29 Dec 2023 10:55:57 GMT

Method: GET
Route: /api/vacations/cairo.jpg
Body: {}
----------------------------------------------------------------------------------------------------
Fri, 29 Dec 2023 10:55:57 GMT

Method: GET
Route: /api/vacations/rio.jpg
Body: {}
----------------------------------------------------------------------------------------------------
Fri, 29 Dec 2023 10:55:57 GMT

Method: GET
Route: /api/vacations/barcelona.jpg
Body: {}
----------------------------------------------------------------------------------------------------
Fri, 29 Dec 2023 10:55:57 GMT

Method: GET
Route: /api/vacations/auckland.jpg
Body: {}
----------------------------------------------------------------------------------------------------
Fri, 29 Dec 2023 10:58:05 GMT

Method: GET
Route: /api/vacations/new_york.jpg
Body: {}
----------------------------------------------------------------------------------------------------
Fri, 29 Dec 2023 10:58:05 GMT

Method: GET
Route: /api/vacations/tokyo.jpg
Body: {}
----------------------------------------------------------------------------------------------------
Fri, 29 Dec 2023 10:58:05 GMT

Method: GET
Route: /api/vacations/rome.jpg
Body: {}
----------------------------------------------------------------------------------------------------
Fri, 29 Dec 2023 10:58:05 GMT

Method: GET
Route: /api/vacations/sydney.jpg
Body: {}
----------------------------------------------------------------------------------------------------
Fri, 29 Dec 2023 10:58:05 GMT

Method: GET
Route: /api/vacations/cairo.jpg
Body: {}
----------------------------------------------------------------------------------------------------
Fri, 29 Dec 2023 10:58:05 GMT

Method: GET
Route: /api/vacations/rio.jpg
Body: {}
----------------------------------------------------------------------------------------------------
Fri, 29 Dec 2023 10:58:05 GMT

Method: GET
Route: /api/vacations/barcelona.jpg
Body: {}
----------------------------------------------------------------------------------------------------
Fri, 29 Dec 2023 10:58:05 GMT

Method: GET
Route: /api/vacations/auckland.jpg
Body: {}
----------------------------------------------------------------------------------------------------
Fri, 29 Dec 2023 10:58:12 GMT

Method: PUT
Route: /api/vacations/1
Body: {"destination":"Paris","description":"Explore the romantic city of Paris","price":"1000","vacationStartDate":"2023-01-15T00:00:00.000Z","vacationEndDate":"2023-01-20T00:00:00.000Z","vacationImageUrl":"http://localhost:4000/api/vacations/feca8fe3-68cb-4621-8ef9-bd75cbaa9531.jpeg","vacationId":"1"}
----------------------------------------------------------------------------------------------------
Fri, 29 Dec 2023 10:58:12 GMT

Method: GET
Route: /api/vacations/new_york.jpg
Body: {}
----------------------------------------------------------------------------------------------------
Fri, 29 Dec 2023 10:58:12 GMT

Method: GET
Route: /api/vacations/tokyo.jpg
Body: {}
----------------------------------------------------------------------------------------------------
Fri, 29 Dec 2023 10:58:12 GMT

Method: GET
Route: /api/vacations/rome.jpg
Body: {}
----------------------------------------------------------------------------------------------------
Fri, 29 Dec 2023 10:58:12 GMT

Method: GET
Route: /api/vacations/sydney.jpg
Body: {}
----------------------------------------------------------------------------------------------------
Fri, 29 Dec 2023 10:58:12 GMT

Method: GET
Route: /api/vacations/cairo.jpg
Body: {}
----------------------------------------------------------------------------------------------------
Fri, 29 Dec 2023 10:58:12 GMT

Method: GET
Route: /api/vacations/rio.jpg
Body: {}
----------------------------------------------------------------------------------------------------
Fri, 29 Dec 2023 10:58:12 GMT

Method: GET
Route: /api/vacations/barcelona.jpg
Body: {}
----------------------------------------------------------------------------------------------------
Fri, 29 Dec 2023 10:58:12 GMT

Method: GET
Route: /api/vacations/auckland.jpg
Body: {}
----------------------------------------------------------------------------------------------------
Fri, 29 Dec 2023 10:58:25 GMT

Method: GET
Route: /api/vacations
Body: {}
----------------------------------------------------------------------------------------------------
Fri, 29 Dec 2023 10:58:25 GMT

Method: GET
Route: /api/vacations/feca8fe3-68cb-4621-8ef9-bd75cbaa9531.jpeg
Body: {}
----------------------------------------------------------------------------------------------------
Fri, 29 Dec 2023 10:58:25 GMT

Method: GET
Route: /api/vacations/new_york.jpg
Body: {}
----------------------------------------------------------------------------------------------------
Fri, 29 Dec 2023 10:58:25 GMT

Method: GET
Route: /api/vacations/tokyo.jpg
Body: {}
----------------------------------------------------------------------------------------------------
Fri, 29 Dec 2023 10:58:25 GMT

Method: GET
Route: /api/vacations/rome.jpg
Body: {}
----------------------------------------------------------------------------------------------------
Fri, 29 Dec 2023 10:58:25 GMT

Method: GET
Route: /api/vacations/sydney.jpg
Body: {}
----------------------------------------------------------------------------------------------------
Fri, 29 Dec 2023 10:58:25 GMT

Method: GET
Route: /api/vacations/cairo.jpg
Body: {}
----------------------------------------------------------------------------------------------------
Fri, 29 Dec 2023 10:58:25 GMT

Method: GET
Route: /api/vacations/rio.jpg
Body: {}
----------------------------------------------------------------------------------------------------
Fri, 29 Dec 2023 10:58:25 GMT

Method: GET
Route: /api/vacations/barcelona.jpg
Body: {}
----------------------------------------------------------------------------------------------------
Fri, 29 Dec 2023 10:58:25 GMT

Method: GET
Route: /api/vacations/auckland.jpg
Body: {}
----------------------------------------------------------------------------------------------------
Fri, 29 Dec 2023 10:58:39 GMT

Method: PUT
Route: /api/vacations/1
Body: {"destination":"Paris","description":"Explore the romantic city of Paris","price":"1100","vacationStartDate":"2023-01-15T00:00:00.000Z","vacationEndDate":"2023-01-20T00:00:00.000Z","vacationImageUrl":"http://localhost:4000/api/vacations/feca8fe3-68cb-4621-8ef9-bd75cbaa9531.jpeg","vacationId":"1"}
----------------------------------------------------------------------------------------------------
Fri, 29 Dec 2023 10:58:39 GMT

Method: GET
Route: /api/vacations/new_york.jpg
Body: {}
----------------------------------------------------------------------------------------------------
Fri, 29 Dec 2023 10:58:39 GMT

Method: GET
Route: /api/vacations/tokyo.jpg
Body: {}
----------------------------------------------------------------------------------------------------
Fri, 29 Dec 2023 10:58:39 GMT

Method: GET
Route: /api/vacations/rome.jpg
Body: {}
----------------------------------------------------------------------------------------------------
Fri, 29 Dec 2023 10:58:39 GMT

Method: GET
Route: /api/vacations/sydney.jpg
Body: {}
----------------------------------------------------------------------------------------------------
Fri, 29 Dec 2023 10:58:39 GMT

Method: GET
Route: /api/vacations/cairo.jpg
Body: {}
----------------------------------------------------------------------------------------------------
Fri, 29 Dec 2023 10:58:39 GMT

Method: GET
Route: /api/vacations/rio.jpg
Body: {}
----------------------------------------------------------------------------------------------------
Fri, 29 Dec 2023 10:58:39 GMT

Method: GET
Route: /api/vacations/barcelona.jpg
Body: {}
----------------------------------------------------------------------------------------------------
Fri, 29 Dec 2023 10:58:39 GMT

Method: GET
Route: /api/vacations/auckland.jpg
Body: {}
----------------------------------------------------------------------------------------------------
Fri, 29 Dec 2023 10:58:46 GMT

Method: GET
Route: /api/vacations/rome.jpg
Body: {}
----------------------------------------------------------------------------------------------------
Fri, 29 Dec 2023 10:58:46 GMT

Method: GET
Route: /api/vacations/tokyo.jpg
Body: {}
----------------------------------------------------------------------------------------------------
Fri, 29 Dec 2023 10:58:46 GMT

Method: GET
Route: /api/vacations/sydney.jpg
Body: {}
----------------------------------------------------------------------------------------------------
Fri, 29 Dec 2023 10:58:46 GMT

Method: GET
Route: /api/vacations/cairo.jpg
Body: {}
----------------------------------------------------------------------------------------------------
Fri, 29 Dec 2023 10:58:46 GMT

Method: GET
Route: /api/vacations/rio.jpg
Body: {}
----------------------------------------------------------------------------------------------------
Fri, 29 Dec 2023 10:58:46 GMT

Method: GET
Route: /api/vacations/barcelona.jpg
Body: {}
----------------------------------------------------------------------------------------------------
Fri, 29 Dec 2023 10:58:46 GMT

Method: GET
Route: /api/vacations/auckland.jpg
Body: {}
----------------------------------------------------------------------------------------------------
Fri, 29 Dec 2023 10:59:24 GMT

Method: GET
Route: /api/vacations
Body: {}
----------------------------------------------------------------------------------------------------
Fri, 29 Dec 2023 10:59:24 GMT

Method: GET
Route: /api/vacations/feca8fe3-68cb-4621-8ef9-bd75cbaa9531.jpeg
Body: {}
----------------------------------------------------------------------------------------------------
Fri, 29 Dec 2023 10:59:24 GMT

Method: GET
Route: /api/vacations/new_york.jpg
Body: {}
----------------------------------------------------------------------------------------------------
Fri, 29 Dec 2023 10:59:24 GMT

Method: GET
Route: /api/vacations/tokyo.jpg
Body: {}
----------------------------------------------------------------------------------------------------
Fri, 29 Dec 2023 10:59:24 GMT

Method: GET
Route: /api/vacations/rome.jpg
Body: {}
----------------------------------------------------------------------------------------------------
Fri, 29 Dec 2023 10:59:24 GMT

Method: GET
Route: /api/vacations/sydney.jpg
Body: {}
----------------------------------------------------------------------------------------------------
Fri, 29 Dec 2023 10:59:24 GMT

Method: GET
Route: /api/vacations/cairo.jpg
Body: {}
----------------------------------------------------------------------------------------------------
Fri, 29 Dec 2023 10:59:24 GMT

Method: GET
Route: /api/vacations/rio.jpg
Body: {}
----------------------------------------------------------------------------------------------------
Fri, 29 Dec 2023 10:59:24 GMT

Method: GET
Route: /api/vacations/barcelona.jpg
Body: {}
----------------------------------------------------------------------------------------------------
Fri, 29 Dec 2023 10:59:24 GMT

Method: GET
Route: /api/vacations/auckland.jpg
Body: {}
----------------------------------------------------------------------------------------------------
Fri, 29 Dec 2023 10:59:42 GMT

Method: PUT
Route: /api/vacations/1
Body: {"destination":"Paris","description":"Explore the romantic city of Paris","price":"1000","vacationStartDate":"2023-01-15T00:00:00.000Z","vacationEndDate":"2023-01-20T00:00:00.000Z","vacationImageUrl":"http://localhost:4000/api/vacations/feca8fe3-68cb-4621-8ef9-bd75cbaa9531.jpeg","vacationId":"1"}
----------------------------------------------------------------------------------------------------
Fri, 29 Dec 2023 10:59:56 GMT

Method: GET
Route: /api/vacations/new_york.jpg
Body: {}
----------------------------------------------------------------------------------------------------
Fri, 29 Dec 2023 10:59:56 GMT

Method: GET
Route: /api/vacations/tokyo.jpg
Body: {}
----------------------------------------------------------------------------------------------------
Fri, 29 Dec 2023 10:59:56 GMT

Method: GET
Route: /api/vacations/rome.jpg
Body: {}
----------------------------------------------------------------------------------------------------
Fri, 29 Dec 2023 10:59:56 GMT

Method: GET
Route: /api/vacations/sydney.jpg
Body: {}
----------------------------------------------------------------------------------------------------
Fri, 29 Dec 2023 10:59:56 GMT

Method: GET
Route: /api/vacations/cairo.jpg
Body: {}
----------------------------------------------------------------------------------------------------
Fri, 29 Dec 2023 10:59:56 GMT

Method: GET
Route: /api/vacations/rio.jpg
Body: {}
----------------------------------------------------------------------------------------------------
Fri, 29 Dec 2023 10:59:56 GMT

Method: GET
Route: /api/vacations/barcelona.jpg
Body: {}
----------------------------------------------------------------------------------------------------
Fri, 29 Dec 2023 10:59:56 GMT

Method: GET
Route: /api/vacations/auckland.jpg
Body: {}
----------------------------------------------------------------------------------------------------
Fri, 29 Dec 2023 11:00:21 GMT

Method: GET
Route: /api/vacations
Body: {}
----------------------------------------------------------------------------------------------------
Fri, 29 Dec 2023 11:00:21 GMT

Method: GET
Route: /api/vacations/feca8fe3-68cb-4621-8ef9-bd75cbaa9531.jpeg
Body: {}
----------------------------------------------------------------------------------------------------
Fri, 29 Dec 2023 11:00:21 GMT

Method: GET
Route: /api/vacations/new_york.jpg
Body: {}
----------------------------------------------------------------------------------------------------
Fri, 29 Dec 2023 11:00:21 GMT

Method: GET
Route: /api/vacations/tokyo.jpg
Body: {}
----------------------------------------------------------------------------------------------------
Fri, 29 Dec 2023 11:00:21 GMT

Method: GET
Route: /api/vacations/rome.jpg
Body: {}
----------------------------------------------------------------------------------------------------
Fri, 29 Dec 2023 11:00:21 GMT

Method: GET
Route: /api/vacations/sydney.jpg
Body: {}
----------------------------------------------------------------------------------------------------
Fri, 29 Dec 2023 11:00:21 GMT

Method: GET
Route: /api/vacations/cairo.jpg
Body: {}
----------------------------------------------------------------------------------------------------
Fri, 29 Dec 2023 11:00:21 GMT

Method: GET
Route: /api/vacations/rio.jpg
Body: {}
----------------------------------------------------------------------------------------------------
Fri, 29 Dec 2023 11:00:21 GMT

Method: GET
Route: /api/vacations/barcelona.jpg
Body: {}
----------------------------------------------------------------------------------------------------
Fri, 29 Dec 2023 11:00:21 GMT

Method: GET
Route: /api/vacations/auckland.jpg
Body: {}
----------------------------------------------------------------------------------------------------
Fri, 29 Dec 2023 11:00:29 GMT

Method: PUT
Route: /api/vacations/1
Body: {"destination":"Paris","description":"Explore the romantic city of Paris","price":"1100","vacationStartDate":"2023-01-15T00:00:00.000Z","vacationEndDate":"2023-01-20T00:00:00.000Z","vacationImageUrl":"http://localhost:4000/api/vacations/feca8fe3-68cb-4621-8ef9-bd75cbaa9531.jpeg","vacationId":"1"}
----------------------------------------------------------------------------------------------------
Fri, 29 Dec 2023 11:01:11 GMT

Method: GET
Route: /api/vacations
Body: {}
----------------------------------------------------------------------------------------------------
Fri, 29 Dec 2023 11:01:11 GMT

Method: GET
Route: /api/vacations/feca8fe3-68cb-4621-8ef9-bd75cbaa9531.jpeg
Body: {}
----------------------------------------------------------------------------------------------------
Fri, 29 Dec 2023 11:01:11 GMT

Method: GET
Route: /api/vacations/new_york.jpg
Body: {}
----------------------------------------------------------------------------------------------------
Fri, 29 Dec 2023 11:01:11 GMT

Method: GET
Route: /api/vacations/tokyo.jpg
Body: {}
----------------------------------------------------------------------------------------------------
Fri, 29 Dec 2023 11:01:11 GMT

Method: GET
Route: /api/vacations/rome.jpg
Body: {}
----------------------------------------------------------------------------------------------------
Fri, 29 Dec 2023 11:01:11 GMT

Method: GET
Route: /api/vacations/sydney.jpg
Body: {}
----------------------------------------------------------------------------------------------------
Fri, 29 Dec 2023 11:01:11 GMT

Method: GET
Route: /api/vacations/cairo.jpg
Body: {}
----------------------------------------------------------------------------------------------------
Fri, 29 Dec 2023 11:01:11 GMT

Method: GET
Route: /api/vacations/rio.jpg
Body: {}
----------------------------------------------------------------------------------------------------
Fri, 29 Dec 2023 11:01:11 GMT

Method: GET
Route: /api/vacations/barcelona.jpg
Body: {}
----------------------------------------------------------------------------------------------------
Fri, 29 Dec 2023 11:01:11 GMT

Method: GET
Route: /api/vacations/auckland.jpg
Body: {}
----------------------------------------------------------------------------------------------------
Fri, 29 Dec 2023 11:01:26 GMT

Method: GET
Route: /api/vacations/new_york.jpg
Body: {}
----------------------------------------------------------------------------------------------------
Fri, 29 Dec 2023 11:01:26 GMT

Method: GET
Route: /api/vacations/tokyo.jpg
Body: {}
----------------------------------------------------------------------------------------------------
Fri, 29 Dec 2023 11:01:26 GMT

Method: GET
Route: /api/vacations/rome.jpg
Body: {}
----------------------------------------------------------------------------------------------------
Fri, 29 Dec 2023 11:01:26 GMT

Method: GET
Route: /api/vacations/sydney.jpg
Body: {}
----------------------------------------------------------------------------------------------------
Fri, 29 Dec 2023 11:01:26 GMT

Method: GET
Route: /api/vacations/cairo.jpg
Body: {}
----------------------------------------------------------------------------------------------------
Fri, 29 Dec 2023 11:01:26 GMT

Method: GET
Route: /api/vacations/rio.jpg
Body: {}
----------------------------------------------------------------------------------------------------
Fri, 29 Dec 2023 11:01:26 GMT

Method: GET
Route: /api/vacations/barcelona.jpg
Body: {}
----------------------------------------------------------------------------------------------------
Fri, 29 Dec 2023 11:01:26 GMT

Method: GET
Route: /api/vacations/auckland.jpg
Body: {}
----------------------------------------------------------------------------------------------------
Fri, 29 Dec 2023 11:01:33 GMT

Method: PUT
Route: /api/vacations/1
Body: {"destination":"Paris","description":"Explore the romantic city of Paris","price":"1000","vacationStartDate":"2023-01-15T00:00:00.000Z","vacationEndDate":"2023-01-20T00:00:00.000Z","vacationImageUrl":"http://localhost:4000/api/vacations/feca8fe3-68cb-4621-8ef9-bd75cbaa9531.jpeg","vacationId":"1","vacationUuid":"5acf0240f8f0d9ecdb0b3b2937b7e7e2136c403f3790c3032b1296f69e5e1d78229498d3bf272b9722fac3bdfb74531a6e240d12d0e7ce53be824a870cee419b"}
----------------------------------------------------------------------------------------------------
Fri, 29 Dec 2023 11:01:33 GMT

Method: GET
Route: /api/vacations/new_york.jpg
Body: {}
----------------------------------------------------------------------------------------------------
Fri, 29 Dec 2023 11:01:33 GMT

Method: GET
Route: /api/vacations/tokyo.jpg
Body: {}
----------------------------------------------------------------------------------------------------
Fri, 29 Dec 2023 11:01:33 GMT

Method: GET
Route: /api/vacations/rome.jpg
Body: {}
----------------------------------------------------------------------------------------------------
Fri, 29 Dec 2023 11:01:33 GMT

Method: GET
Route: /api/vacations/sydney.jpg
Body: {}
----------------------------------------------------------------------------------------------------
Fri, 29 Dec 2023 11:01:33 GMT

Method: GET
Route: /api/vacations/cairo.jpg
Body: {}
----------------------------------------------------------------------------------------------------
Fri, 29 Dec 2023 11:01:33 GMT

Method: GET
Route: /api/vacations/rio.jpg
Body: {}
----------------------------------------------------------------------------------------------------
Fri, 29 Dec 2023 11:01:33 GMT

Method: GET
Route: /api/vacations/barcelona.jpg
Body: {}
----------------------------------------------------------------------------------------------------
Fri, 29 Dec 2023 11:01:33 GMT

Method: GET
Route: /api/vacations/auckland.jpg
Body: {}
----------------------------------------------------------------------------------------------------
Fri, 29 Dec 2023 11:02:06 GMT

Method: GET
Route: /api/vacations
Body: {}
----------------------------------------------------------------------------------------------------
Fri, 29 Dec 2023 11:02:06 GMT

Method: GET
Route: /api/vacations/feca8fe3-68cb-4621-8ef9-bd75cbaa9531.jpeg
Body: {}
----------------------------------------------------------------------------------------------------
Fri, 29 Dec 2023 11:02:06 GMT

Method: GET
Route: /api/vacations/new_york.jpg
Body: {}
----------------------------------------------------------------------------------------------------
Fri, 29 Dec 2023 11:02:06 GMT

Method: GET
Route: /api/vacations/tokyo.jpg
Body: {}
----------------------------------------------------------------------------------------------------
Fri, 29 Dec 2023 11:02:06 GMT

Method: GET
Route: /api/vacations/rome.jpg
Body: {}
----------------------------------------------------------------------------------------------------
Fri, 29 Dec 2023 11:02:06 GMT

Method: GET
Route: /api/vacations/sydney.jpg
Body: {}
----------------------------------------------------------------------------------------------------
Fri, 29 Dec 2023 11:02:06 GMT

Method: GET
Route: /api/vacations/cairo.jpg
Body: {}
----------------------------------------------------------------------------------------------------
Fri, 29 Dec 2023 11:02:06 GMT

Method: GET
Route: /api/vacations/rio.jpg
Body: {}
----------------------------------------------------------------------------------------------------
Fri, 29 Dec 2023 11:02:06 GMT

Method: GET
Route: /api/vacations/barcelona.jpg
Body: {}
----------------------------------------------------------------------------------------------------
Fri, 29 Dec 2023 11:02:06 GMT

Method: GET
Route: /api/vacations/auckland.jpg
Body: {}
----------------------------------------------------------------------------------------------------
Fri, 29 Dec 2023 11:02:35 GMT

Method: PUT
Route: /api/vacations/1
Body: {"destination":"Paris","description":"Explore the romantic city of Paris","price":"1100","vacationStartDate":"2023-01-15T00:00:00.000Z","vacationEndDate":"2023-01-20T00:00:00.000Z","vacationImageUrl":"http://localhost:4000/api/vacations/feca8fe3-68cb-4621-8ef9-bd75cbaa9531.jpeg","vacationId":"1","vacationUuid":"5acf0240f8f0d9ecdb0b3b2937b7e7e2136c403f3790c3032b1296f69e5e1d78229498d3bf272b9722fac3bdfb74531a6e240d12d0e7ce53be824a870cee419b"}
----------------------------------------------------------------------------------------------------
Fri, 29 Dec 2023 11:02:35 GMT

Method: GET
Route: /api/vacations/new_york.jpg
Body: {}
----------------------------------------------------------------------------------------------------
Fri, 29 Dec 2023 11:02:35 GMT

Method: GET
Route: /api/vacations/tokyo.jpg
Body: {}
----------------------------------------------------------------------------------------------------
Fri, 29 Dec 2023 11:02:35 GMT

Method: GET
Route: /api/vacations/rome.jpg
Body: {}
----------------------------------------------------------------------------------------------------
Fri, 29 Dec 2023 11:02:35 GMT

Method: GET
Route: /api/vacations/sydney.jpg
Body: {}
----------------------------------------------------------------------------------------------------
Fri, 29 Dec 2023 11:02:35 GMT

Method: GET
Route: /api/vacations/cairo.jpg
Body: {}
----------------------------------------------------------------------------------------------------
Fri, 29 Dec 2023 11:02:35 GMT

Method: GET
Route: /api/vacations/rio.jpg
Body: {}
----------------------------------------------------------------------------------------------------
Fri, 29 Dec 2023 11:02:35 GMT

Method: GET
Route: /api/vacations/barcelona.jpg
Body: {}
----------------------------------------------------------------------------------------------------
Fri, 29 Dec 2023 11:02:35 GMT

Method: GET
Route: /api/vacations/auckland.jpg
Body: {}
----------------------------------------------------------------------------------------------------
Fri, 29 Dec 2023 11:05:56 GMT

Method: GET
Route: /api/vacations/new_york.jpg
Body: {}
----------------------------------------------------------------------------------------------------
Fri, 29 Dec 2023 11:05:56 GMT

Method: GET
Route: /api/vacations/tokyo.jpg
Body: {}
----------------------------------------------------------------------------------------------------
Fri, 29 Dec 2023 11:05:56 GMT

Method: GET
Route: /api/vacations/rome.jpg
Body: {}
----------------------------------------------------------------------------------------------------
Fri, 29 Dec 2023 11:05:56 GMT

Method: GET
Route: /api/vacations/sydney.jpg
Body: {}
----------------------------------------------------------------------------------------------------
Fri, 29 Dec 2023 11:05:56 GMT

Method: GET
Route: /api/vacations/cairo.jpg
Body: {}
----------------------------------------------------------------------------------------------------
Fri, 29 Dec 2023 11:05:56 GMT

Method: GET
Route: /api/vacations/rio.jpg
Body: {}
----------------------------------------------------------------------------------------------------
Fri, 29 Dec 2023 11:05:56 GMT

Method: GET
Route: /api/vacations/barcelona.jpg
Body: {}
----------------------------------------------------------------------------------------------------
Fri, 29 Dec 2023 11:05:56 GMT

Method: GET
Route: /api/vacations/auckland.jpg
Body: {}
----------------------------------------------------------------------------------------------------
Fri, 29 Dec 2023 11:06:03 GMT

Method: GET
Route: /api/vacations
Body: {}
----------------------------------------------------------------------------------------------------
Fri, 29 Dec 2023 11:06:03 GMT

Method: GET
Route: /api/vacations/feca8fe3-68cb-4621-8ef9-bd75cbaa9531.jpeg
Body: {}
----------------------------------------------------------------------------------------------------
Fri, 29 Dec 2023 11:06:03 GMT

Method: GET
Route: /api/vacations/new_york.jpg
Body: {}
----------------------------------------------------------------------------------------------------
Fri, 29 Dec 2023 11:06:03 GMT

Method: GET
Route: /api/vacations/tokyo.jpg
Body: {}
----------------------------------------------------------------------------------------------------
Fri, 29 Dec 2023 11:06:03 GMT

Method: GET
Route: /api/vacations/rome.jpg
Body: {}
----------------------------------------------------------------------------------------------------
Fri, 29 Dec 2023 11:06:03 GMT

Method: GET
Route: /api/vacations/sydney.jpg
Body: {}
----------------------------------------------------------------------------------------------------
Fri, 29 Dec 2023 11:06:03 GMT

Method: GET
Route: /api/vacations/cairo.jpg
Body: {}
----------------------------------------------------------------------------------------------------
Fri, 29 Dec 2023 11:06:03 GMT

Method: GET
Route: /api/vacations/rio.jpg
Body: {}
----------------------------------------------------------------------------------------------------
Fri, 29 Dec 2023 11:06:03 GMT

Method: GET
Route: /api/vacations/barcelona.jpg
Body: {}
----------------------------------------------------------------------------------------------------
Fri, 29 Dec 2023 11:06:03 GMT

Method: GET
Route: /api/vacations/auckland.jpg
Body: {}
----------------------------------------------------------------------------------------------------
Fri, 29 Dec 2023 11:06:15 GMT

Method: PUT
Route: /api/vacations/1
Body: {"destination":"Paris","description":"Explore the romantic city of Paris","price":"1000","vacationStartDate":"2023-01-15T00:00:00.000Z","vacationEndDate":"2023-01-20T00:00:00.000Z","vacationImageUrl":"http://localhost:4000/api/vacations/feca8fe3-68cb-4621-8ef9-bd75cbaa9531.jpeg","vacationId":"1","vacationUuid":"5acf0240f8f0d9ecdb0b3b2937b7e7e2136c403f3790c3032b1296f69e5e1d78229498d3bf272b9722fac3bdfb74531a6e240d12d0e7ce53be824a870cee419b"}
----------------------------------------------------------------------------------------------------
Fri, 29 Dec 2023 11:06:15 GMT

Method: GET
Route: /api/vacations/new_york.jpg
Body: {}
----------------------------------------------------------------------------------------------------
Fri, 29 Dec 2023 11:06:15 GMT

Method: GET
Route: /api/vacations/tokyo.jpg
Body: {}
----------------------------------------------------------------------------------------------------
Fri, 29 Dec 2023 11:06:15 GMT

Method: GET
Route: /api/vacations/rome.jpg
Body: {}
----------------------------------------------------------------------------------------------------
Fri, 29 Dec 2023 11:06:15 GMT

Method: GET
Route: /api/vacations/sydney.jpg
Body: {}
----------------------------------------------------------------------------------------------------
Fri, 29 Dec 2023 11:06:15 GMT

Method: GET
Route: /api/vacations/cairo.jpg
Body: {}
----------------------------------------------------------------------------------------------------
Fri, 29 Dec 2023 11:06:15 GMT

Method: GET
Route: /api/vacations/rio.jpg
Body: {}
----------------------------------------------------------------------------------------------------
Fri, 29 Dec 2023 11:06:15 GMT

Method: GET
Route: /api/vacations/barcelona.jpg
Body: {}
----------------------------------------------------------------------------------------------------
Fri, 29 Dec 2023 11:06:15 GMT

Method: GET
Route: /api/vacations/auckland.jpg
Body: {}
----------------------------------------------------------------------------------------------------
