Tue, 05 Dec 2023 13:54:21 GMT
ER_BAD_DB_ERROR: Unknown database 'vocations'
Stack: Error: ER_BAD_DB_ERROR: Unknown database 'vocations'
    at Handshake.Sequence._packetToError (C:\Users\משתמש\OneDrive\Desktop\JB Projects 3\Backend\node_modules\mysql\lib\protocol\sequences\Sequence.js:47:14)
    at Handshake.ErrorPacket (C:\Users\משתמש\OneDrive\Desktop\JB Projects 3\Backend\node_modules\mysql\lib\protocol\sequences\Handshake.js:123:18)
    at Protocol._parsePacket (C:\Users\משתמש\OneDrive\Desktop\JB Projects 3\Backend\node_modules\mysql\lib\protocol\Protocol.js:291:23)
    at Parser._parsePacket (C:\Users\משתמש\OneDrive\Desktop\JB Projects 3\Backend\node_modules\mysql\lib\protocol\Parser.js:433:10)
    at Parser.write (C:\Users\משתמש\OneDrive\Desktop\JB Projects 3\Backend\node_modules\mysql\lib\protocol\Parser.js:43:10)
    at Protocol.write (C:\Users\משתמש\OneDrive\Desktop\JB Projects 3\Backend\node_modules\mysql\lib\protocol\Protocol.js:38:16)
    at Socket.<anonymous> (C:\Users\משתמש\OneDrive\Desktop\JB Projects 3\Backend\node_modules\mysql\lib\Connection.js:88:28)
    at Socket.<anonymous> (C:\Users\משתמש\OneDrive\Desktop\JB Projects 3\Backend\node_modules\mysql\lib\Connection.js:526:10)
    at Socket.emit (node:events:513:28)
    at Socket.emit (node:domain:489:12)
    --------------------
    at Protocol._enqueue (C:\Users\משתמש\OneDrive\Desktop\JB Projects 3\Backend\node_modules\mysql\lib\protocol\Protocol.js:144:48)
    at Protocol.handshake (C:\Users\משתמש\OneDrive\Desktop\JB Projects 3\Backend\node_modules\mysql\lib\protocol\Protocol.js:51:23)
    at PoolConnection.connect (C:\Users\משתמש\OneDrive\Desktop\JB Projects 3\Backend\node_modules\mysql\lib\Connection.js:116:18)
    at Pool.getConnection (C:\Users\משתמש\OneDrive\Desktop\JB Projects 3\Backend\node_modules\mysql\lib\Pool.js:48:16)
    at Pool.query (C:\Users\משתמש\OneDrive\Desktop\JB Projects 3\Backend\node_modules\mysql\lib\Pool.js:202:8)
    at C:\Users\משתמש\OneDrive\Desktop\JB Projects 3\Backend\src\2-utils\dal.ts:13:20
    at new Promise (<anonymous>)
    at Object.execute (C:\Users\משתמש\OneDrive\Desktop\JB Projects 3\Backend\src\2-utils\dal.ts:12:12)
    at VocationService.<anonymous> (C:\Users\משתמש\OneDrive\Desktop\JB Projects 3\Backend\src\5-services\vocations-service.ts:6:33)
    at Generator.next (<anonymous>)
----------------------------------------------------------------------------------------------------
